<?xml version="1.0" encoding="UTF-8"?>
<!-- Generated by org.testng.reporters.JUnitReportReporter -->
<testsuite skipped="0" hostname="tbuchanans-mbp.overstock.com" name="api.EarlyAccessAPITest" tests="14" failures="0" timestamp="24 Sep 2019 21:33:32 GMT" time="15.361" errors="0">
  <testcase name="verifyEarlyAccessStatus" time="2.222" classname="api.EarlyAccessAPITest"/>
  <testcase name="verifyEarlyAccessUpdateProductStatusEndDateNull" time="0.780" classname="api.EarlyAccessAPITest"/>
  <testcase name="verifyProductIdsbatchStatus" time="2.133" classname="api.EarlyAccessAPITest"/>
  <testcase name="verifyEarlyAccessStatusNull" time="0.329" classname="api.EarlyAccessAPITest"/>
  <testcase name="verifyEarlyAccessStatusNotInt" time="0.131" classname="api.EarlyAccessAPITest"/>
  <testcase name="verifyEarlyAccessUpdateProductStatusNullProducId" time="0.816" classname="api.EarlyAccessAPITest"/>
  <testcase name="verifyEarlyAccessUpdateProductStatusInvalidProducId" time="0.454" classname="api.EarlyAccessAPITest"/>
  <testcase name="verifyRetrieveBatchEarlyAccessStatus" time="0.866" classname="api.EarlyAccessAPITest"/>
  <testcase name="verifyProductIdsUploadUpdateAPI" time="0.700" classname="api.EarlyAccessAPITest"/>
  <testcase name="verifyEarlyAccessUpdateProductStatusOrExpiry" time="0.739" classname="api.EarlyAccessAPITest"/>
  <testcase name="verifyProductIdsUploadAPI" time="1.147" classname="api.EarlyAccessAPITest"/>
  <testcase name="verifyEarlyAccessUpdateProductStatusIsActiveNull" time="2.087" classname="api.EarlyAccessAPITest"/>
  <testcase name="verifyEarlyAccessUpdateProductStatusStartDateNull" time="0.905" classname="api.EarlyAccessAPITest"/>
  <testcase name="verifyEarlyAccessStatus2" time="2.052" classname="api.EarlyAccessAPITest"/>
</testsuite> <!-- api.EarlyAccessAPITest -->
