<?xml version="1.0" encoding="UTF-8"?>
<!-- Generated by org.testng.reporters.JUnitReportReporter -->
<testsuite skipped="0" hostname="tbuchanans-mbp.overstock.com" name="ui.EarlyAccessUITest" tests="1" failures="0" timestamp="24 Sep 2019 21:33:32 GMT" time="83.121" errors="0">
  <testcase name="findSiteWideLightboxOnHomePage" time="83.121" classname="ui.EarlyAccessUITest"/>
</testsuite> <!-- ui.EarlyAccessUITest -->
