<?xml version="1.0" encoding="UTF-8"?>
<!-- Generated by org.testng.reporters.JUnitReportReporter -->
<testsuite skipped="0" hostname="tbuchanans-mbp.overstock.com" name="smoke.EarlyAccessSmokeAPITest" tests="1" failures="0" timestamp="24 Sep 2019 21:33:32 GMT" time="3.886" errors="0">
  <testcase name="verifyEarlyAccessHealthWithAPI" time="3.886" classname="smoke.EarlyAccessSmokeAPITest"/>
</testsuite> <!-- smoke.EarlyAccessSmokeAPITest -->
