<?xml version="1.0" encoding="UTF-8"?>
<testsuite xmlns:xsi="http://www.w3.org/2001/XMLSchema-instance" xsi:noNamespaceSchemaLocation="https://maven.apache.org/surefire/maven-surefire-plugin/xsd/surefire-test-report.xsd" name="TestSuite" time="21.179" tests="17" errors="0" skipped="0" failures="0">
  <properties>
    <property name="gopherProxySet" value="false"/>
    <property name="awt.toolkit" value="sun.lwawt.macosx.LWCToolkit"/>
    <property name="file.encoding.pkg" value="sun.io"/>
    <property name="java.specification.version" value="1.8"/>
    <property name="sun.cpu.isalist" value=""/>
    <property name="sun.jnu.encoding" value="UTF-8"/>
    <property name="java.class.path" value="/Users/tbuchanan/IdeaProjects/earlyaccess-automation-testing/target/test-classes:/Users/tbuchanan/IdeaProjects/earlyaccess-automation-testing/target/classes:/Users/tbuchanan/.m2/repository/com/google/code/findbugs/annotations/3.0.0/annotations-3.0.0.jar:/Users/tbuchanan/.m2/repository/net/serenity-bdd/serenity-core/1.6.3/serenity-core-1.6.3.jar:/Users/tbuchanan/.m2/repository/com/google/guava/guava/23.0/guava-23.0.jar:/Users/tbuchanan/.m2/repository/com/google/errorprone/error_prone_annotations/2.0.18/error_prone_annotations-2.0.18.jar:/Users/tbuchanan/.m2/repository/com/google/j2objc/j2objc-annotations/1.1/j2objc-annotations-1.1.jar:/Users/tbuchanan/.m2/repository/org/codehaus/mojo/animal-sniffer-annotations/1.14/animal-sniffer-annotations-1.14.jar:/Users/tbuchanan/.m2/repository/com/google/inject/guice/4.1.0/guice-4.1.0.jar:/Users/tbuchanan/.m2/repository/aopalliance/aopalliance/1.0/aopalliance-1.0.jar:/Users/tbuchanan/.m2/repository/cglib/cglib/3.2.5/cglib-3.2.5.jar:/Users/tbuchanan/.m2/repository/org/ow2/asm/asm/5.0.3/asm-5.0.3.jar:/Users/tbuchanan/.m2/repository/commons-codec/commons-codec/1.10/commons-codec-1.10.jar:/Users/tbuchanan/.m2/repository/org/objenesis/objenesis/2.6/objenesis-2.6.jar:/Users/tbuchanan/.m2/repository/org/slf4j/slf4j-api/1.7.21/slf4j-api-1.7.21.jar:/Users/tbuchanan/.m2/repository/xml-apis/xml-apis/1.4.01/xml-apis-1.4.01.jar:/Users/tbuchanan/.m2/repository/commons-logging/commons-logging/1.2/commons-logging-1.2.jar:/Users/tbuchanan/.m2/repository/org/mockito/mockito-core/1.10.19/mockito-core-1.10.19.jar:/Users/tbuchanan/.m2/repository/net/bytebuddy/byte-buddy/1.7.1/byte-buddy-1.7.1.jar:/Users/tbuchanan/.m2/repository/io/vavr/vavr/0.9.0/vavr-0.9.0.jar:/Users/tbuchanan/.m2/repository/io/vavr/vavr-match/0.9.0/vavr-match-0.9.0.jar:/Users/tbuchanan/.m2/repository/net/serenity-bdd/serenity-report-resources/1.6.3/serenity-report-resources-1.6.3.jar:/Users/tbuchanan/.m2/repository/com/google/code/gson/gson/2.8.0/gson-2.8.0.jar:/Users/tbuchanan/.m2/repository/commons-io/commons-io/2.5/commons-io-2.5.jar:/Users/tbuchanan/.m2/repository/com/opera/operadriver/1.5/operadriver-1.5.jar:/Users/tbuchanan/.m2/repository/com/opera/operalaunchers/1.1/operalaunchers-1.1.jar:/Users/tbuchanan/.m2/repository/com/google/protobuf/protobuf-java/2.4.1/protobuf-java-2.4.1.jar:/Users/tbuchanan/.m2/repository/commons-jxpath/commons-jxpath/1.3/commons-jxpath-1.3.jar:/Users/tbuchanan/.m2/repository/org/ini4j/ini4j/0.5.2/ini4j-0.5.2.jar:/Users/tbuchanan/.m2/repository/org/seleniumhq/selenium/selenium-server/3.5.3/selenium-server-3.5.3.jar:/Users/tbuchanan/.m2/repository/org/seleniumhq/selenium/selenium-edge-driver/3.5.3/selenium-edge-driver-3.5.3.jar:/Users/tbuchanan/.m2/repository/org/seleniumhq/selenium/selenium-firefox-driver/3.5.3/selenium-firefox-driver-3.5.3.jar:/Users/tbuchanan/.m2/repository/org/seleniumhq/selenium/selenium-ie-driver/3.5.3/selenium-ie-driver-3.5.3.jar:/Users/tbuchanan/.m2/repository/org/seleniumhq/selenium/selenium-opera-driver/3.5.3/selenium-opera-driver-3.5.3.jar:/Users/tbuchanan/.m2/repository/org/seleniumhq/selenium/selenium-safari-driver/3.5.3/selenium-safari-driver-3.5.3.jar:/Users/tbuchanan/.m2/repository/org/w3c/css/sac/1.3/sac-1.3.jar:/Users/tbuchanan/.m2/repository/net/sourceforge/cssparser/cssparser/0.9.23/cssparser-0.9.23.jar:/Users/tbuchanan/.m2/repository/net/sourceforge/htmlunit/htmlunit-core-js/2.27/htmlunit-core-js-2.27.jar:/Users/tbuchanan/.m2/repository/net/sourceforge/htmlunit/neko-htmlunit/2.27/neko-htmlunit-2.27.jar:/Users/tbuchanan/.m2/repository/org/seleniumhq/selenium/jetty-repacked/9.4.5.v20170502/jetty-repacked-9.4.5.v20170502.jar:/Users/tbuchanan/.m2/repository/org/eclipse/jetty/jetty-client/9.4.5.v20170502/jetty-client-9.4.5.v20170502.jar:/Users/tbuchanan/.m2/repository/org/eclipse/jetty/jetty-http/9.4.5.v20170502/jetty-http-9.4.5.v20170502.jar:/Users/tbuchanan/.m2/repository/net/java/dev/jna/jna/4.1.0/jna-4.1.0.jar:/Users/tbuchanan/.m2/repository/net/java/dev/jna/jna-platform/4.1.0/jna-platform-4.1.0.jar:/Users/tbuchanan/.m2/repository/javax/servlet/javax.servlet-api/3.1.0/javax.servlet-api-3.1.0.jar:/Users/tbuchanan/.m2/repository/org/eclipse/jetty/websocket/websocket-api/9.4.5.v20170502/websocket-api-9.4.5.v20170502.jar:/Users/tbuchanan/.m2/repository/org/eclipse/jetty/websocket/websocket-client/9.4.5.v20170502/websocket-client-9.4.5.v20170502.jar:/Users/tbuchanan/.m2/repository/org/eclipse/jetty/websocket/websocket-common/9.4.5.v20170502/websocket-common-9.4.5.v20170502.jar:/Users/tbuchanan/.m2/repository/com/codeborne/phantomjsdriver/1.4.3/phantomjsdriver-1.4.3.jar:/Users/tbuchanan/.m2/repository/org/eclipse/jetty/jetty-util/9.4.5.v20170502/jetty-util-9.4.5.v20170502.jar:/Users/tbuchanan/.m2/repository/org/eclipse/jetty/jetty-io/9.4.5.v20170502/jetty-io-9.4.5.v20170502.jar:/Users/tbuchanan/.m2/repository/org/seleniumhq/selenium/htmlunit-driver/2.27/htmlunit-driver-2.27.jar:/Users/tbuchanan/.m2/repository/org/codehaus/groovy/groovy/2.4.11/groovy-2.4.11.jar:/Users/tbuchanan/.m2/repository/net/sf/opencsv/opencsv/2.0/opencsv-2.0.jar:/Users/tbuchanan/.m2/repository/commons-beanutils/commons-beanutils-core/1.8.3/commons-beanutils-core-1.8.3.jar:/Users/tbuchanan/.m2/repository/joda-time/joda-time/2.7/joda-time-2.7.jar:/Users/tbuchanan/.m2/repository/com/thoughtworks/xstream/xstream/1.4.9/xstream-1.4.9.jar:/Users/tbuchanan/.m2/repository/xmlpull/xmlpull/1.1.3.1/xmlpull-1.1.3.1.jar:/Users/tbuchanan/.m2/repository/xpp3/xpp3_min/1.1.4c/xpp3_min-1.1.4c.jar:/Users/tbuchanan/.m2/repository/org/apache/commons/commons-lang3/3.4/commons-lang3-3.4.jar:/Users/tbuchanan/.m2/repository/commons-collections/commons-collections/3.2.2/commons-collections-3.2.2.jar:/Users/tbuchanan/.m2/repository/org/freemarker/freemarker/2.3.23/freemarker-2.3.23.jar:/Users/tbuchanan/.m2/repository/net/sourceforge/jexcelapi/jxl/2.6.12/jxl-2.6.12.jar:/Users/tbuchanan/.m2/repository/org/hamcrest/hamcrest-core/1.3/hamcrest-core-1.3.jar:/Users/tbuchanan/.m2/repository/org/hamcrest/hamcrest-library/1.3/hamcrest-library-1.3.jar:/Users/tbuchanan/.m2/repository/net/sourceforge/htmlunit/htmlunit/2.27/htmlunit-2.27.jar:/Users/tbuchanan/.m2/repository/org/apache/httpcomponents/httpclient/4.5.3/httpclient-4.5.3.jar:/Users/tbuchanan/.m2/repository/org/apache/httpcomponents/httpmime/4.5.3/httpmime-4.5.3.jar:/Users/tbuchanan/.m2/repository/org/fluentlenium/fluentlenium-core/0.10.2/fluentlenium-core-0.10.2.jar:/Users/tbuchanan/.m2/repository/com/jhlabs/filters/2.0.235/filters-2.0.235.jar:/Users/tbuchanan/.m2/repository/org/asciidoctor/asciidoctor-java-integration/0.1.4/asciidoctor-java-integration-0.1.4.jar:/Users/tbuchanan/.m2/repository/org/jruby/jruby-complete/1.7.4/jruby-complete-1.7.4.jar:/Users/tbuchanan/.m2/repository/org/imgscalr/imgscalr-lib/4.2/imgscalr-lib-4.2.jar:/Users/tbuchanan/.m2/repository/javax/validation/validation-api/1.1.0.Final/validation-api-1.1.0.Final.jar:/Users/tbuchanan/.m2/repository/org/hibernate/hibernate-validator/5.1.1.Final/hibernate-validator-5.1.1.Final.jar:/Users/tbuchanan/.m2/repository/org/jboss/logging/jboss-logging/3.1.3.GA/jboss-logging-3.1.3.GA.jar:/Users/tbuchanan/.m2/repository/com/fasterxml/classmate/1.0.0/classmate-1.0.0.jar:/Users/tbuchanan/.m2/repository/javax/el/javax.el-api/2.2.4/javax.el-api-2.2.4.jar:/Users/tbuchanan/.m2/repository/org/glassfish/web/javax.el/2.2.4/javax.el-2.2.4.jar:/Users/tbuchanan/.m2/repository/xalan/xalan/2.7.2/xalan-2.7.2.jar:/Users/tbuchanan/.m2/repository/xalan/serializer/2.7.2/serializer-2.7.2.jar:/Users/tbuchanan/.m2/repository/org/awaitility/awaitility/3.0.0/awaitility-3.0.0.jar:/Users/tbuchanan/.m2/repository/com/typesafe/config/1.3.1/config-1.3.1.jar:/Users/tbuchanan/.m2/repository/org/jsoup/jsoup/1.10.3/jsoup-1.10.3.jar:/Users/tbuchanan/.m2/repository/com/google/jimfs/jimfs/1.1/jimfs-1.1.jar:/Users/tbuchanan/.m2/repository/es/nitaur/markdown/txtmark/0.16/txtmark-0.16.jar:/Users/tbuchanan/.m2/repository/com/vladsch/flexmark/flexmark-all/0.26.4/flexmark-all-0.26.4.jar:/Users/tbuchanan/.m2/repository/com/vladsch/flexmark/flexmark/0.26.4/flexmark-0.26.4.jar:/Users/tbuchanan/.m2/repository/com/vladsch/flexmark/flexmark-ext-abbreviation/0.26.4/flexmark-ext-abbreviation-0.26.4.jar:/Users/tbuchanan/.m2/repository/com/vladsch/flexmark/flexmark-ext-anchorlink/0.26.4/flexmark-ext-anchorlink-0.26.4.jar:/Users/tbuchanan/.m2/repository/com/vladsch/flexmark/flexmark-ext-aside/0.26.4/flexmark-ext-aside-0.26.4.jar:/Users/tbuchanan/.m2/repository/com/vladsch/flexmark/flexmark-ext-autolink/0.26.4/flexmark-ext-autolink-0.26.4.jar:/Users/tbuchanan/.m2/repository/org/nibor/autolink/autolink/0.6.0/autolink-0.6.0.jar:/Users/tbuchanan/.m2/repository/com/vladsch/flexmark/flexmark-ext-definition/0.26.4/flexmark-ext-definition-0.26.4.jar:/Users/tbuchanan/.m2/repository/com/vladsch/flexmark/flexmark-ext-emoji/0.26.4/flexmark-ext-emoji-0.26.4.jar:/Users/tbuchanan/.m2/repository/com/vladsch/flexmark/flexmark-ext-escaped-character/0.26.4/flexmark-ext-escaped-character-0.26.4.jar:/Users/tbuchanan/.m2/repository/com/vladsch/flexmark/flexmark-ext-footnotes/0.26.4/flexmark-ext-footnotes-0.26.4.jar:/Users/tbuchanan/.m2/repository/com/vladsch/flexmark/flexmark-ext-gfm-issues/0.26.4/flexmark-ext-gfm-issues-0.26.4.jar:/Users/tbuchanan/.m2/repository/com/vladsch/flexmark/flexmark-ext-gfm-strikethrough/0.26.4/flexmark-ext-gfm-strikethrough-0.26.4.jar:/Users/tbuchanan/.m2/repository/com/vladsch/flexmark/flexmark-ext-gfm-tables/0.26.4/flexmark-ext-gfm-tables-0.26.4.jar:/Users/tbuchanan/.m2/repository/com/vladsch/flexmark/flexmark-ext-gfm-tasklist/0.26.4/flexmark-ext-gfm-tasklist-0.26.4.jar:/Users/tbuchanan/.m2/repository/com/vladsch/flexmark/flexmark-ext-gfm-users/0.26.4/flexmark-ext-gfm-users-0.26.4.jar:/Users/tbuchanan/.m2/repository/com/vladsch/flexmark/flexmark-ext-jekyll-front-matter/0.26.4/flexmark-ext-jekyll-front-matter-0.26.4.jar:/Users/tbuchanan/.m2/repository/com/vladsch/flexmark/flexmark-ext-jekyll-tag/0.26.4/flexmark-ext-jekyll-tag-0.26.4.jar:/Users/tbuchanan/.m2/repository/com/vladsch/flexmark/flexmark-ext-ins/0.26.4/flexmark-ext-ins-0.26.4.jar:/Users/tbuchanan/.m2/repository/com/vladsch/flexmark/flexmark-ext-xwiki-macros/0.26.4/flexmark-ext-xwiki-macros-0.26.4.jar:/Users/tbuchanan/.m2/repository/com/vladsch/flexmark/flexmark-ext-superscript/0.26.4/flexmark-ext-superscript-0.26.4.jar:/Users/tbuchanan/.m2/repository/com/vladsch/flexmark/flexmark-ext-tables/0.26.4/flexmark-ext-tables-0.26.4.jar:/Users/tbuchanan/.m2/repository/com/vladsch/flexmark/flexmark-ext-toc/0.26.4/flexmark-ext-toc-0.26.4.jar:/Users/tbuchanan/.m2/repository/com/vladsch/flexmark/flexmark-ext-typographic/0.26.4/flexmark-ext-typographic-0.26.4.jar:/Users/tbuchanan/.m2/repository/com/vladsch/flexmark/flexmark-ext-wikilink/0.26.4/flexmark-ext-wikilink-0.26.4.jar:/Users/tbuchanan/.m2/repository/com/vladsch/flexmark/flexmark-ext-yaml-front-matter/0.26.4/flexmark-ext-yaml-front-matter-0.26.4.jar:/Users/tbuchanan/.m2/repository/com/vladsch/flexmark/flexmark-formatter/0.26.4/flexmark-formatter-0.26.4.jar:/Users/tbuchanan/.m2/repository/com/vladsch/flexmark/flexmark-html-parser/0.26.4/flexmark-html-parser-0.26.4.jar:/Users/tbuchanan/.m2/repository/com/vladsch/flexmark/flexmark-jira-converter/0.26.4/flexmark-jira-converter-0.26.4.jar:/Users/tbuchanan/.m2/repository/com/vladsch/flexmark/flexmark-pdf-converter/0.26.4/flexmark-pdf-converter-0.26.4.jar:/Users/tbuchanan/.m2/repository/com/openhtmltopdf/openhtmltopdf-core/0.0.1-RC9/openhtmltopdf-core-0.0.1-RC9.jar:/Users/tbuchanan/.m2/repository/com/openhtmltopdf/openhtmltopdf-pdfbox/0.0.1-RC9/openhtmltopdf-pdfbox-0.0.1-RC9.jar:/Users/tbuchanan/.m2/repository/org/apache/pdfbox/pdfbox/2.0.4/pdfbox-2.0.4.jar:/Users/tbuchanan/.m2/repository/org/apache/pdfbox/fontbox/2.0.4/fontbox-2.0.4.jar:/Users/tbuchanan/.m2/repository/com/openhtmltopdf/openhtmltopdf-rtl-support/0.0.1-RC9/openhtmltopdf-rtl-support-0.0.1-RC9.jar:/Users/tbuchanan/.m2/repository/com/ibm/icu/icu4j/58.1/icu4j-58.1.jar:/Users/tbuchanan/.m2/repository/com/openhtmltopdf/openhtmltopdf-jsoup-dom-converter/0.0.1-RC9/openhtmltopdf-jsoup-dom-converter-0.0.1-RC9.jar:/Users/tbuchanan/.m2/repository/com/vladsch/flexmark/flexmark-profile-pegdown/0.26.4/flexmark-profile-pegdown-0.26.4.jar:/Users/tbuchanan/.m2/repository/com/vladsch/flexmark/flexmark-util/0.26.4/flexmark-util-0.26.4.jar:/Users/tbuchanan/.m2/repository/com/vladsch/flexmark/flexmark-youtrack-converter/0.26.4/flexmark-youtrack-converter-0.26.4.jar:/Users/tbuchanan/.m2/repository/net/serenity-bdd/serenity-junit/1.6.3/serenity-junit-1.6.3.jar:/Users/tbuchanan/.m2/repository/net/serenity-bdd/serenity-rest-assured/1.6.3/serenity-rest-assured-1.6.3.jar:/Users/tbuchanan/.m2/repository/info/cukes/cucumber-core/1.2.5/cucumber-core-1.2.5.jar:/Users/tbuchanan/.m2/repository/info/cukes/cucumber-html/0.2.3/cucumber-html-0.2.3.jar:/Users/tbuchanan/.m2/repository/info/cukes/cucumber-jvm-deps/1.0.5/cucumber-jvm-deps-1.0.5.jar:/Users/tbuchanan/.m2/repository/info/cukes/gherkin/2.12.2/gherkin-2.12.2.jar:/Users/tbuchanan/.m2/repository/io/github/bonigarcia/webdrivermanager/1.7.2/webdrivermanager-1.7.2.jar:/Users/tbuchanan/.m2/repository/org/rauschig/jarchivelib/0.7.1/jarchivelib-0.7.1.jar:/Users/tbuchanan/.m2/repository/org/apache/commons/commons-compress/1.9/commons-compress-1.9.jar:/Users/tbuchanan/.m2/repository/net/serenity-bdd/serenity-screenplay/1.6.3/serenity-screenplay-1.6.3.jar:/Users/tbuchanan/.m2/repository/net/serenity-bdd/serenity-screenplay-webdriver/1.6.3/serenity-screenplay-webdriver-1.6.3.jar:/Users/tbuchanan/.m2/repository/net/serenity-bdd/serenity-cucumber/1.9.39/serenity-cucumber-1.9.39.jar:/Users/tbuchanan/.m2/repository/io/cucumber/cucumber-java/2.4.0/cucumber-java-2.4.0.jar:/Users/tbuchanan/.m2/repository/io/cucumber/cucumber-junit/2.4.0/cucumber-junit-2.4.0.jar:/Users/tbuchanan/.m2/repository/org/apache/commons/commons-csv/1.5/commons-csv-1.5.jar:/Users/tbuchanan/.m2/repository/io/appium/java-client/4.1.2/java-client-4.1.2.jar:/Users/tbuchanan/.m2/repository/org/seleniumhq/selenium/selenium-java/2.53.1/selenium-java-2.53.1.jar:/Users/tbuchanan/.m2/repository/org/seleniumhq/selenium/selenium-leg-rc/2.53.1/selenium-leg-rc-2.53.1.jar:/Users/tbuchanan/.m2/repository/commons-validator/commons-validator/1.5.1/commons-validator-1.5.1.jar:/Users/tbuchanan/.m2/repository/commons-digester/commons-digester/1.8.1/commons-digester-1.8.1.jar:/Users/tbuchanan/.m2/repository/org/aspectj/aspectjweaver/1.8.9/aspectjweaver-1.8.9.jar:/Users/tbuchanan/.m2/repository/com/overstock/webdev/test/DBUtils/trunk-SNAPSHOT/DBUtils-trunk-SNAPSHOT.jar:/Users/tbuchanan/.m2/repository/com/overstock/arch/money-util/3.0.0/money-util-3.0.0.jar:/Users/tbuchanan/.m2/repository/com/overstock/webdev/test/CommonUtilities/trunk-SNAPSHOT/CommonUtilities-trunk-SNAPSHOT.jar:/Users/tbuchanan/.m2/repository/com/overstock/arch/JavaFrameworkTestUtils/5.3/JavaFrameworkTestUtils-5.3.jar:/Users/tbuchanan/.m2/repository/org/javassist/javassist/3.18.2-GA/javassist-3.18.2-GA.jar:/Users/tbuchanan/.m2/repository/org/easymock/easymock/3.1/easymock-3.1.jar:/Users/tbuchanan/.m2/repository/org/apache/logging/log4j/log4j-api/2.6.2/log4j-api-2.6.2.jar:/Users/tbuchanan/.m2/repository/org/apache/logging/log4j/log4j-core/2.6.2/log4j-core-2.6.2.jar:/Users/tbuchanan/.m2/repository/org/apache/logging/log4j/log4j-slf4j-impl/2.6.2/log4j-slf4j-impl-2.6.2.jar:/Users/tbuchanan/.m2/repository/org/apache/logging/log4j/log4j-jcl/2.6.2/log4j-jcl-2.6.2.jar:/Users/tbuchanan/.m2/repository/org/apache/logging/log4j/log4j-web/2.6.2/log4j-web-2.6.2.jar:/Users/tbuchanan/.m2/repository/javax/mail/mail/1.4.7/mail-1.4.7.jar:/Users/tbuchanan/.m2/repository/com/overstock/arch/DbFramework/3.1/DbFramework-3.1.jar:/Users/tbuchanan/.m2/repository/org/hibernate/hibernate-entitymanager/3.6.10.Final/hibernate-entitymanager-3.6.10.Final.jar:/Users/tbuchanan/.m2/repository/com/oracle/ojdbc6/11.2.0.4/ojdbc6-11.2.0.4.jar:/Users/tbuchanan/.m2/repository/com/oracle/ucp/11.2.0.4/ucp-11.2.0.4.jar:/Users/tbuchanan/.m2/repository/com/overstock/arch/ServiceUsageTracker-client/2.3/ServiceUsageTracker-client-2.3.jar:/Users/tbuchanan/.m2/repository/com/netflix/hystrix/hystrix-core/1.4.0/hystrix-core-1.4.0.jar:/Users/tbuchanan/.m2/repository/com/netflix/archaius/archaius-core/0.4.1/archaius-core-0.4.1.jar:/Users/tbuchanan/.m2/repository/io/reactivex/rxjava/1.0.8/rxjava-1.0.8.jar:/Users/tbuchanan/.m2/repository/com/overstock/arch/ServiceUsageTracker-common/2.3/ServiceUsageTracker-common-2.3.jar:/Users/tbuchanan/.m2/repository/commons-configuration/commons-configuration/1.4/commons-configuration-1.4.jar:/Users/tbuchanan/.m2/repository/com/beust/jcommander/1.27/jcommander-1.27.jar:/Users/tbuchanan/.m2/repository/org/springframework/spring-tx/3.2.4.RELEASE/spring-tx-3.2.4.RELEASE.jar:/Users/tbuchanan/.m2/repository/com/overstock/arch/JavaFramework/5.3/JavaFramework-5.3.jar:/Users/tbuchanan/.m2/repository/net/sf/ehcache/ehcache-core/2.5.3/ehcache-core-2.5.3.jar:/Users/tbuchanan/.m2/repository/com/lmax/disruptor/3.3.2/disruptor-3.3.2.jar:/Users/tbuchanan/.m2/repository/com/googlecode/json-simple/json-simple/1.1.1/json-simple-1.1.1.jar:/Users/tbuchanan/.m2/repository/org/openjdk/jol/jol-core/0.5/jol-core-0.5.jar:/Users/tbuchanan/.m2/repository/com/overstock/arch/address-model/2.3/address-model-2.3.jar:/Users/tbuchanan/.m2/repository/org/hibernate/hibernate-core/3.6.10.Final/hibernate-core-3.6.10.Final.jar:/Users/tbuchanan/.m2/repository/antlr/antlr/2.7.6/antlr-2.7.6.jar:/Users/tbuchanan/.m2/repository/dom4j/dom4j/1.6.1/dom4j-1.6.1.jar:/Users/tbuchanan/.m2/repository/org/hibernate/hibernate-commons-annotations/3.2.0.Final/hibernate-commons-annotations-3.2.0.Final.jar:/Users/tbuchanan/.m2/repository/javax/transaction/jta/1.1/jta-1.1.jar:/Users/tbuchanan/.m2/repository/org/pojomatic/pojomatic/1.0/pojomatic-1.0.jar:/Users/tbuchanan/.m2/repository/org/hibernate/javax/persistence/hibernate-jpa-2.0-api/1.0.1.Final/hibernate-jpa-2.0-api-1.0.1.Final.jar:/Users/tbuchanan/.m2/repository/org/glassfish/jersey/core/jersey-client/2.22.2/jersey-client-2.22.2.jar:/Users/tbuchanan/.m2/repository/javax/ws/rs/javax.ws.rs-api/2.0.1/javax.ws.rs-api-2.0.1.jar:/Users/tbuchanan/.m2/repository/com/overstock/arch/value-types/2.0/value-types-2.0.jar:/Users/tbuchanan/.m2/repository/com/infradna/tool/bridge-method-annotation/1.4/bridge-method-annotation-1.4.jar:/Users/tbuchanan/.m2/repository/org/jvnet/hudson/annotation-indexer/1.2/annotation-indexer-1.2.jar:/Users/tbuchanan/.m2/repository/com/overstock/webdev/test/EnvirOmatic-client/1.11/EnvirOmatic-client-1.11.jar:/Users/tbuchanan/.m2/repository/com/overstock/arch/jaxrsCommon/3.4.1/jaxrsCommon-3.4.1.jar:/Users/tbuchanan/.m2/repository/com/overstock/arch/jaxrsClient/3.4.1/jaxrsClient-3.4.1.jar:/Users/tbuchanan/.m2/repository/org/glassfish/jersey/ext/rx/jersey-rx-client-rxjava/2.22.1/jersey-rx-client-rxjava-2.22.1.jar:/Users/tbuchanan/.m2/repository/org/glassfish/jersey/ext/rx/jersey-rx-client/2.22.1/jersey-rx-client-2.22.1.jar:/Users/tbuchanan/.m2/repository/org/glassfish/jersey/connectors/jersey-apache-connector/2.22.1/jersey-apache-connector-2.22.1.jar:/Users/tbuchanan/.m2/repository/com/overstock/arch/apache-httpclient4-support/1.0/apache-httpclient4-support-1.0.jar:/Users/tbuchanan/.m2/repository/org/glassfish/jersey/media/jersey-media-json-jackson/2.8/jersey-media-json-jackson-2.8.jar:/Users/tbuchanan/.m2/repository/org/codehaus/jackson/jackson-core-asl/1.9.13/jackson-core-asl-1.9.13.jar:/Users/tbuchanan/.m2/repository/org/codehaus/jackson/jackson-jaxrs/1.9.13/jackson-jaxrs-1.9.13.jar:/Users/tbuchanan/.m2/repository/org/codehaus/jackson/jackson-xc/1.9.13/jackson-xc-1.9.13.jar:/Users/tbuchanan/.m2/repository/com/overstock/webdev/test/EnvirOmatic-common/1.11/EnvirOmatic-common-1.11.jar:/Users/tbuchanan/.m2/repository/commons-lang/commons-lang/2.3/commons-lang-2.3.jar:/Users/tbuchanan/.m2/repository/com/overstock/util/TestData-client/1.12/TestData-client-1.12.jar:/Users/tbuchanan/.m2/repository/com/overstock/util/TestData-common/1.12/TestData-common-1.12.jar:/Users/tbuchanan/.m2/repository/com/overstock/webdev/shoppingCore/2.86/shoppingCore-2.86.jar:/Users/tbuchanan/.m2/repository/com/overstock/clubo/ClubOCommon/1.33/ClubOCommon-1.33.jar:/Users/tbuchanan/.m2/repository/com/overstock/csnotes/csnotes-client/1.0.29/csnotes-client-1.0.29.jar:/Users/tbuchanan/.m2/repository/com/overstock/csnotes/csnotes-bind/1.0.29/csnotes-bind-1.0.29.jar:/Users/tbuchanan/.m2/repository/com/jayway/restassured/json-schema-validator/2.9.0/json-schema-validator-2.9.0.jar:/Users/tbuchanan/.m2/repository/com/github/fge/json-schema-validator/2.2.6/json-schema-validator-2.2.6.jar:/Users/tbuchanan/.m2/repository/com/googlecode/libphonenumber/libphonenumber/6.2/libphonenumber-6.2.jar:/Users/tbuchanan/.m2/repository/com/github/fge/json-schema-core/1.2.5/json-schema-core-1.2.5.jar:/Users/tbuchanan/.m2/repository/com/github/fge/uri-template/0.9/uri-template-0.9.jar:/Users/tbuchanan/.m2/repository/com/github/fge/msg-simple/1.1/msg-simple-1.1.jar:/Users/tbuchanan/.m2/repository/com/github/fge/btf/1.2/btf-1.2.jar:/Users/tbuchanan/.m2/repository/com/github/fge/jackson-coreutils/1.8/jackson-coreutils-1.8.jar:/Users/tbuchanan/.m2/repository/org/mozilla/rhino/1.7R4/rhino-1.7R4.jar:/Users/tbuchanan/.m2/repository/net/sf/jopt-simple/jopt-simple/4.6/jopt-simple-4.6.jar:/Users/tbuchanan/.m2/repository/com/overstock/webdev/WebDb/3.0/WebDb-3.0.jar:/Users/tbuchanan/.m2/repository/com/overstock/webdev/DbCore/3.0/DbCore-3.0.jar:/Users/tbuchanan/.m2/repository/com/overstock/arch/DbFrameworkSpringSupport/3.1/DbFrameworkSpringSupport-3.1.jar:/Users/tbuchanan/.m2/repository/com/overstock/arch/manifestable-annotation/1.9/manifestable-annotation-1.9.jar:/Users/tbuchanan/.m2/repository/com/overstock/arch/manifestable-annotation-reader/1.9/manifestable-annotation-reader-1.9.jar:/Users/tbuchanan/.m2/repository/com/overstock/arch/ostk-spring-xmlconfig-support/1.0/ostk-spring-xmlconfig-support-1.0.jar:/Users/tbuchanan/.m2/repository/org/springframework/spring-beans/4.0.3.RELEASE/spring-beans-4.0.3.RELEASE.jar:/Users/tbuchanan/.m2/repository/org/springframework/spring-core/4.0.3.RELEASE/spring-core-4.0.3.RELEASE.jar:/Users/tbuchanan/.m2/repository/org/springframework/spring-context-support/4.0.3.RELEASE/spring-context-support-4.0.3.RELEASE.jar:/Users/tbuchanan/.m2/repository/org/springframework/spring-context/4.0.3.RELEASE/spring-context-4.0.3.RELEASE.jar:/Users/tbuchanan/.m2/repository/org/springframework/spring-aop/4.0.3.RELEASE/spring-aop-4.0.3.RELEASE.jar:/Users/tbuchanan/.m2/repository/org/springframework/spring-expression/4.0.3.RELEASE/spring-expression-4.0.3.RELEASE.jar:/Users/tbuchanan/.m2/repository/org/springframework/spring-jdbc/4.0.3.RELEASE/spring-jdbc-4.0.3.RELEASE.jar:/Users/tbuchanan/.m2/repository/org/springframework/spring-orm/4.0.3.RELEASE/spring-orm-4.0.3.RELEASE.jar:/Users/tbuchanan/.m2/repository/javax/inject/javax.inject/1/javax.inject-1.jar:/Users/tbuchanan/.m2/repository/org/springframework/data/spring-data-jpa/1.8.0.RELEASE/spring-data-jpa-1.8.0.RELEASE.jar:/Users/tbuchanan/.m2/repository/org/springframework/data/spring-data-commons/1.10.0.RELEASE/spring-data-commons-1.10.0.RELEASE.jar:/Users/tbuchanan/.m2/repository/com/overstock/webdev/WebDbTestUtils/3.0/WebDbTestUtils-3.0.jar:/Users/tbuchanan/.m2/repository/org/springframework/spring-test/4.0.3.RELEASE/spring-test-4.0.3.RELEASE.jar:/Users/tbuchanan/.m2/repository/com/overstock/webdev/DbCore/3.0/DbCore-3.0-tests.jar:/Users/tbuchanan/.m2/repository/com/overstock/arch/DbFrameworkTestUtils/3.1/DbFrameworkTestUtils-3.1.jar:/Users/tbuchanan/.m2/repository/hsqldb/hsqldb/1.8.0.9/hsqldb-1.8.0.9.jar:/Users/tbuchanan/.m2/repository/com/overstock/ta/desktop-db-client/1.14/desktop-db-client-1.14.jar:/Users/tbuchanan/.m2/repository/com/overstock/webdev/test/ShoppingSitePages/trunk-SNAPSHOT/ShoppingSitePages-trunk-SNAPSHOT.jar:/Users/tbuchanan/.m2/repository/com/overstock/arch/web-automation-framework/4.0-RC2/web-automation-framework-4.0-RC2.jar:/Users/tbuchanan/.m2/repository/com/overstock/arch/automation-dns-provider/4.0-RC2/automation-dns-provider-4.0-RC2.jar:/Users/tbuchanan/.m2/repository/dnsjava/dnsjava/2.1.7/dnsjava-2.1.7.jar:/Users/tbuchanan/.m2/repository/commons-net/commons-net/2.2/commons-net-2.2.jar:/Users/tbuchanan/.m2/repository/org/seleniumhq/selenium/selenium-iphone-driver/2.39.0/selenium-iphone-driver-2.39.0.jar:/Users/tbuchanan/.m2/repository/org/seleniumhq/selenium/lift/3.8.0/lift-3.8.0.jar:/Users/tbuchanan/.m2/repository/com/overstock/arch/web-automation-common/4.0-RC2/web-automation-common-4.0-RC2.jar:/Users/tbuchanan/.m2/repository/org/littleshoot/littleproxy/1.1.3-ostk/littleproxy-1.1.3-ostk.jar:/Users/tbuchanan/.m2/repository/io/netty/netty-all/4.0.44.Final/netty-all-4.0.44.Final.jar:/Users/tbuchanan/.m2/repository/com/barchart/udt/barchart-udt-bundle/2.3.0/barchart-udt-bundle-2.3.0.jar:/Users/tbuchanan/.m2/repository/com/overstock/arch/selenium-chrome-support/4.0-RC2/selenium-chrome-support-4.0-RC2.jar:/Users/tbuchanan/.m2/repository/com/overstock/arch/selenium-phantomjs-support/4.0-RC2/selenium-phantomjs-support-4.0-RC2.jar:/Users/tbuchanan/.m2/repository/com/overstock/arch/easynum/1.0/easynum-1.0.jar:/Users/tbuchanan/.m2/repository/com/overstock/arch/legacy-jersey-support/3.2/legacy-jersey-support-3.2.jar:/Users/tbuchanan/.m2/repository/com/sun/jersey/jersey-core/1.18.1-nodeps/jersey-core-1.18.1-nodeps.jar:/Users/tbuchanan/.m2/repository/com/overstock/util/TestData-remote-config-resolver/1.12/TestData-remote-config-resolver-1.12.jar:/Users/tbuchanan/.m2/repository/com/overstock/arch/web-automation-ephemeral-configuration/4.0-RC2/web-automation-ephemeral-configuration-4.0-RC2.jar:/Users/tbuchanan/.m2/repository/com/overstock/arch/ostk-teams/1.4/ostk-teams-1.4.jar:/Users/tbuchanan/.m2/repository/org/seleniumhq/selenium/selenium-api/3.14.0/selenium-api-3.14.0.jar:/Users/tbuchanan/.m2/repository/org/testng/testng/6.9.13.6/testng-6.9.13.6.jar:/Users/tbuchanan/.m2/repository/org/beanshell/bsh/2.0b4/bsh-2.0b4.jar:/Users/tbuchanan/.m2/repository/org/apache/httpcomponents/httpcore/4.4.10/httpcore-4.4.10.jar:/Users/tbuchanan/.m2/repository/com/overstock/webdev/test/ShoppingSitePagesDTO/trunk-SNAPSHOT/ShoppingSitePagesDTO-trunk-SNAPSHOT.jar:/Users/tbuchanan/.m2/repository/com/overstock/webdev/test/CASAutomationIntegration/trunk-SNAPSHOT/CASAutomationIntegration-trunk-SNAPSHOT.jar:/Users/tbuchanan/.m2/repository/com/fasterxml/jackson/jaxrs/jackson-jaxrs-json-provider/2.8.5/jackson-jaxrs-json-provider-2.8.5.jar:/Users/tbuchanan/.m2/repository/com/fasterxml/jackson/jaxrs/jackson-jaxrs-base/2.8.5/jackson-jaxrs-base-2.8.5.jar:/Users/tbuchanan/.m2/repository/com/fasterxml/jackson/core/jackson-core/2.8.5/jackson-core-2.8.5.jar:/Users/tbuchanan/.m2/repository/com/overstock/clubo/ClubOServiceTesting-Common/1.0-SNAPSHOT/ClubOServiceTesting-Common-1.0-SNAPSHOT.jar:/Users/tbuchanan/.m2/repository/javax/money/money-api/1.0.1/money-api-1.0.1.jar:/Users/tbuchanan/.m2/repository/com/overstock/webdev/test/IMWSAutomationIntegration/0.0.18/IMWSAutomationIntegration-0.0.18.jar:/Users/tbuchanan/.m2/repository/com/overstock/InventoryManagement-api-client/3.72/InventoryManagement-api-client-3.72.jar:/Users/tbuchanan/.m2/repository/com/overstock/InventoryManagement-utils/3.72/InventoryManagement-utils-3.72.jar:/Users/tbuchanan/.m2/repository/com/overstock/InventoryManagement-api-common/3.72/InventoryManagement-api-common-3.72.jar:/Users/tbuchanan/.m2/repository/com/overstock/webdev/ReviewsApi-client/1.68/ReviewsApi-client-1.68.jar:/Users/tbuchanan/.m2/repository/com/overstock/webdev/ReviewsApi-common/1.68/ReviewsApi-common-1.68.jar:/Users/tbuchanan/.m2/repository/com/overstock/product/SupplierProductImageConsumer-Common/1.5/SupplierProductImageConsumer-Common-1.5.jar:/Users/tbuchanan/.m2/repository/javax/jms/jms-api/1.1-rev-1/jms-api-1.1-rev-1.jar:/Users/tbuchanan/.m2/repository/org/glassfish/jersey/media/jersey-media-multipart/2.27/jersey-media-multipart-2.27.jar:/Users/tbuchanan/.m2/repository/org/glassfish/jersey/inject/jersey-hk2/2.27/jersey-hk2-2.27.jar:/Users/tbuchanan/.m2/repository/com/overstock/webdev/rest/common/rest-common-server-model/1.2.3/rest-common-server-model-1.2.3.jar:/Users/tbuchanan/.m2/repository/com/overstock/webdev/rest/common/rest-common-client-model/1.2.3/rest-common-client-model-1.2.3.jar:/Users/tbuchanan/.m2/repository/org/javamoney/moneta/1.1/moneta-1.1.jar:/Users/tbuchanan/.m2/repository/javax/annotation/javax.annotation-api/1.2/javax.annotation-api-1.2.jar:/Users/tbuchanan/.m2/repository/com/overstock/clubo/ClubOMessagingService-common/1.1.1/ClubOMessagingService-common-1.1.1.jar:/Users/tbuchanan/.m2/repository/com/overstock/clubo/ClubOMessagingService-client/1.1.1/ClubOMessagingService-client-1.1.1.jar:/Users/tbuchanan/.m2/repository/com/overstock/arch/retrofit-shadow/1.4/retrofit-shadow-1.4.jar:/Users/tbuchanan/.m2/repository/com/overstock/arch/service-registry-spring-cloud/1.2/service-registry-spring-cloud-1.2.jar:/Users/tbuchanan/.m2/repository/org/springframework/cloud/spring-cloud-netflix-eureka-client/1.1.5.RELEASE/spring-cloud-netflix-eureka-client-1.1.5.RELEASE.jar:/Users/tbuchanan/.m2/repository/org/springframework/cloud/spring-cloud-netflix-core/1.1.5.RELEASE/spring-cloud-netflix-core-1.1.5.RELEASE.jar:/Users/tbuchanan/.m2/repository/org/springframework/cloud/spring-cloud-commons/1.1.1.RELEASE/spring-cloud-commons-1.1.1.RELEASE.jar:/Users/tbuchanan/.m2/repository/org/springframework/security/spring-security-crypto/4.0.4.RELEASE/spring-security-crypto-4.0.4.RELEASE.jar:/Users/tbuchanan/.m2/repository/com/netflix/ribbon/ribbon-eureka/2.2.0/ribbon-eureka-2.2.0.jar:/Users/tbuchanan/.m2/repository/com/netflix/ribbon/ribbon-core/2.2.0/ribbon-core-2.2.0.jar:/Users/tbuchanan/.m2/repository/com/netflix/ribbon/ribbon-loadbalancer/2.2.0/ribbon-loadbalancer-2.2.0.jar:/Users/tbuchanan/.m2/repository/com/netflix/netflix-commons/netflix-statistics/0.1.1/netflix-statistics-0.1.1.jar:/Users/tbuchanan/.m2/repository/com/netflix/netflix-commons/netflix-commons-util/0.1.1/netflix-commons-util-0.1.1.jar:/Users/tbuchanan/.m2/repository/org/springframework/cloud/spring-cloud-starter-ribbon/1.1.5.RELEASE/spring-cloud-starter-ribbon-1.1.5.RELEASE.jar:/Users/tbuchanan/.m2/repository/org/springframework/cloud/spring-cloud-starter/1.1.1.RELEASE/spring-cloud-starter-1.1.1.RELEASE.jar:/Users/tbuchanan/.m2/repository/org/springframework/boot/spring-boot-starter/1.3.5.RELEASE/spring-boot-starter-1.3.5.RELEASE.jar:/Users/tbuchanan/.m2/repository/org/springframework/boot/spring-boot-starter-logging/1.3.5.RELEASE/spring-boot-starter-logging-1.3.5.RELEASE.jar:/Users/tbuchanan/.m2/repository/org/slf4j/jul-to-slf4j/1.7.21/jul-to-slf4j-1.7.21.jar:/Users/tbuchanan/.m2/repository/org/springframework/cloud/spring-cloud-context/1.1.1.RELEASE/spring-cloud-context-1.1.1.RELEASE.jar:/Users/tbuchanan/.m2/repository/org/springframework/security/spring-security-rsa/1.0.1.RELEASE/spring-security-rsa-1.0.1.RELEASE.jar:/Users/tbuchanan/.m2/repository/org/springframework/cloud/spring-cloud-starter-archaius/1.1.5.RELEASE/spring-cloud-starter-archaius-1.1.5.RELEASE.jar:/Users/tbuchanan/.m2/repository/com/netflix/ribbon/ribbon/2.2.0/ribbon-2.2.0.jar:/Users/tbuchanan/.m2/repository/com/netflix/ribbon/ribbon-transport/2.2.0/ribbon-transport-2.2.0.jar:/Users/tbuchanan/.m2/repository/io/reactivex/rxnetty-contexts/0.4.9/rxnetty-contexts-0.4.9.jar:/Users/tbuchanan/.m2/repository/io/reactivex/rxnetty-servo/0.4.9/rxnetty-servo-0.4.9.jar:/Users/tbuchanan/.m2/repository/io/reactivex/rxnetty/0.4.9/rxnetty-0.4.9.jar:/Users/tbuchanan/.m2/repository/com/netflix/ribbon/ribbon-httpclient/2.2.0/ribbon-httpclient-2.2.0.jar:/Users/tbuchanan/.m2/repository/com/squareup/retrofit2/retrofit/2.2.0/retrofit-2.2.0.jar:/Users/tbuchanan/.m2/repository/com/squareup/retrofit2/adapter-rxjava/2.2.0/adapter-rxjava-2.2.0.jar:/Users/tbuchanan/.m2/repository/com/squareup/retrofit2/converter-jackson/2.2.0/converter-jackson-2.2.0.jar:/Users/tbuchanan/.m2/repository/org/springframework/boot/spring-boot-autoconfigure/1.3.5.RELEASE/spring-boot-autoconfigure-1.3.5.RELEASE.jar:/Users/tbuchanan/.m2/repository/com/netflix/eureka/eureka-client/1.4.10/eureka-client-1.4.10.jar:/Users/tbuchanan/.m2/repository/com/netflix/netflix-commons/netflix-eventbus/0.3.0/netflix-eventbus-0.3.0.jar:/Users/tbuchanan/.m2/repository/com/netflix/netflix-commons/netflix-infix/0.3.0/netflix-infix-0.3.0.jar:/Users/tbuchanan/.m2/repository/org/antlr/antlr-runtime/3.4/antlr-runtime-3.4.jar:/Users/tbuchanan/.m2/repository/org/antlr/stringtemplate/3.2.1/stringtemplate-3.2.1.jar:/Users/tbuchanan/.m2/repository/org/apache/commons/commons-math/2.2/commons-math-2.2.jar:/Users/tbuchanan/.m2/repository/com/netflix/servo/servo-core/0.10.1/servo-core-0.10.1.jar:/Users/tbuchanan/.m2/repository/com/netflix/servo/servo-internal/0.10.1/servo-internal-0.10.1.jar:/Users/tbuchanan/.m2/repository/com/sun/jersey/contribs/jersey-apache-client4/1.19/jersey-apache-client4-1.19.jar:/Users/tbuchanan/.m2/repository/com/netflix/governator/governator-api/1.12.10/governator-api-1.12.10.jar:/Users/tbuchanan/.m2/repository/org/springframework/boot/spring-boot/1.3.5.RELEASE/spring-boot-1.3.5.RELEASE.jar:/Users/tbuchanan/.m2/repository/com/overstock/clubo/ClubOService-client/1.86.1/ClubOService-client-1.86.1.jar:/Users/tbuchanan/.m2/repository/com/sun/jersey/jersey-json/1.18.3/jersey-json-1.18.3.jar:/Users/tbuchanan/.m2/repository/org/codehaus/jettison/jettison/1.1/jettison-1.1.jar:/Users/tbuchanan/.m2/repository/com/sun/xml/bind/jaxb-impl/2.2.3-1/jaxb-impl-2.2.3-1.jar:/Users/tbuchanan/.m2/repository/com/overstock/clubo/IPSEventProcessor-producer/1.01/IPSEventProcessor-producer-1.01.jar:/Users/tbuchanan/.m2/repository/com/overstock/clubo/IPSEventProcessor-common/1.01/IPSEventProcessor-common-1.01.jar:/Users/tbuchanan/.m2/repository/com/overstock/finance/ipsws-client/2.69.1/ipsws-client-2.69.1.jar:/Users/tbuchanan/.m2/repository/com/overstock/finance/credit-model/2.14/credit-model-2.14.jar:/Users/tbuchanan/.m2/repository/com/overstock/finance/credit-common/2.14/credit-common-2.14.jar:/Users/tbuchanan/.m2/repository/com/overstock/xps-common/XPS-common/1.050/XPS-common-1.050.jar:/Users/tbuchanan/.m2/repository/org/bouncycastle/bcpkix-jdk15on/1.53/bcpkix-jdk15on-1.53.jar:/Users/tbuchanan/.m2/repository/org/bouncycastle/bcprov-jdk15on/1.53/bcprov-jdk15on-1.53.jar:/Users/tbuchanan/.m2/repository/com/overstock/arch/jaxrsServerFramework/3.4.1/jaxrsServerFramework-3.4.1.jar:/Users/tbuchanan/.m2/repository/com/overstock/xs-common/XS-common-validation/1.3/XS-common-validation-1.3.jar:/Users/tbuchanan/.m2/repository/com/overstock/logging/logging-facade/1.3/logging-facade-1.3.jar:/Users/tbuchanan/.m2/repository/org/junit/jupiter/junit-jupiter-api/5.0.0-M4/junit-jupiter-api-5.0.0-M4.jar:/Users/tbuchanan/.m2/repository/org/opentest4j/opentest4j/1.0.0-M2/opentest4j-1.0.0-M2.jar:/Users/tbuchanan/.m2/repository/org/junit/platform/junit-platform-commons/1.0.0-M4/junit-platform-commons-1.0.0-M4.jar:/Users/tbuchanan/.m2/repository/org/junit/platform/junit-platform-runner/1.0.0-M4/junit-platform-runner-1.0.0-M4.jar:/Users/tbuchanan/.m2/repository/org/junit/platform/junit-platform-launcher/1.0.0-M4/junit-platform-launcher-1.0.0-M4.jar:/Users/tbuchanan/.m2/repository/org/junit/platform/junit-platform-suite-api/1.0.0-M4/junit-platform-suite-api-1.0.0-M4.jar:/Users/tbuchanan/.m2/repository/org/junit/vintage/junit-vintage-engine/4.12.0-M4/junit-vintage-engine-4.12.0-M4.jar:/Users/tbuchanan/.m2/repository/org/junit/platform/junit-platform-engine/1.0.0-M4/junit-platform-engine-1.0.0-M4.jar:/Users/tbuchanan/.m2/repository/org/junit/jupiter/junit-jupiter-engine/5.0.0-M4/junit-jupiter-engine-5.0.0-M4.jar:/Users/tbuchanan/.m2/repository/com/overstock/xps-common/XPS-bind/1.050/XPS-bind-1.050.jar:/Users/tbuchanan/.m2/repository/com/overstock/xps/XPS-creditcard-bind/1.058/XPS-creditcard-bind-1.058.jar:/Users/tbuchanan/.m2/repository/com/overstock/xps/XPS-creditcard-client/1.058/XPS-creditcard-client-1.058.jar:/Users/tbuchanan/.m2/repository/com/overstock/xps/XPS-vault-bind/1.011/XPS-vault-bind-1.011.jar:/Users/tbuchanan/.m2/repository/com/overstock/xps/XPS-vault-wire-client/1.011/XPS-vault-wire-client-1.011.jar:/Users/tbuchanan/.m2/repository/org/glassfish/jersey/media/jersey-media-jaxb/2.22.1/jersey-media-jaxb-2.22.1.jar:/Users/tbuchanan/.m2/repository/com/overstock/webdev/ShoppingOrderManager-bind/3.9.0/ShoppingOrderManager-bind-3.9.0.jar:/Users/tbuchanan/.m2/repository/com/overstock/webdev/AuthCapture-model/2.117/AuthCapture-model-2.117.jar:/Users/tbuchanan/.m2/repository/com/overstock/thirdpartypaymentmanager/ThirdPartyPaymentManager-client/3.9.5.8/ThirdPartyPaymentManager-client-3.9.5.8.jar:/Users/tbuchanan/.m2/repository/com/overstock/thirdpartypaymentmanager/ThirdPartyPaymentManager-bind/3.9.5.8/ThirdPartyPaymentManager-bind-3.9.5.8.jar:/Users/tbuchanan/.m2/repository/com/overstock/thirdpartypaymentmanager/ThirdPartyPaymentManager-encrypt/3.9.5.8/ThirdPartyPaymentManager-encrypt-3.9.5.8.jar:/Users/tbuchanan/.m2/repository/com/overstock/InventoryManagement-client/2.85/InventoryManagement-client-2.85.jar:/Users/tbuchanan/.m2/repository/com/overstock/InventoryManagement-common/2.85/InventoryManagement-common-2.85.jar:/Users/tbuchanan/.m2/repository/com/overstock/InventoryManagement-common-jms/2.85/InventoryManagement-common-jms-2.85.jar:/Users/tbuchanan/.m2/repository/com/overstock/arch/jaxrs-kryo-provider/0.4/jaxrs-kryo-provider-0.4.jar:/Users/tbuchanan/.m2/repository/com/esotericsoftware/kryo/kryo/2.22/kryo-2.22.jar:/Users/tbuchanan/.m2/repository/com/overstock/webdev/shoppingOrderModel/3.107/shoppingOrderModel-3.107.jar:/Users/tbuchanan/.m2/repository/com/overstock/arch/guava-cache-utils/1.0/guava-cache-utils-1.0.jar:/Users/tbuchanan/.m2/repository/com/fasterxml/jackson/datatype/jackson-datatype-joda/2.6.3/jackson-datatype-joda-2.6.3.jar:/Users/tbuchanan/.m2/repository/com/fasterxml/jackson/datatype/jackson-datatype-guava/2.6.3/jackson-datatype-guava-2.6.3.jar:/Users/tbuchanan/.m2/repository/com/fasterxml/jackson/datatype/jackson-datatype-jdk8/2.6.3/jackson-datatype-jdk8-2.6.3.jar:/Users/tbuchanan/.m2/repository/com/overstock/webdev/DiscountService-bind/0.28/DiscountService-bind-0.28.jar:/Users/tbuchanan/.m2/repository/com/overstock/automation/som-automation-framework/3.4/som-automation-framework-3.4.jar:/Users/tbuchanan/.m2/repository/com/overstock/automation/ros-automation-framework/3.2/ros-automation-framework-3.2.jar:/Users/tbuchanan/.m2/repository/com/overstock/core/RetailOrderService-client/1.27/RetailOrderService-client-1.27.jar:/Users/tbuchanan/.m2/repository/com/overstock/core/RetailOrderService-common/1.27/RetailOrderService-common-1.27.jar:/Users/tbuchanan/.m2/repository/com/overstock/core/PostBookRequestEvent-common/1.25/PostBookRequestEvent-common-1.25.jar:/Users/tbuchanan/.m2/repository/com/overstock/webdev/OrderViewer-client/1.021/OrderViewer-client-1.021.jar:/Users/tbuchanan/.m2/repository/com/overstock/webdev/OrderViewer-common/1.021/OrderViewer-common-1.021.jar:/Users/tbuchanan/.m2/repository/com/overstock/webdev/ShoppingOrderManager-client/3.8.0/ShoppingOrderManager-client-3.8.0.jar:/Users/tbuchanan/.m2/repository/com/overstock/ordermanager/FulfillmentOrderManager-client/2.58/FulfillmentOrderManager-client-2.58.jar:/Users/tbuchanan/.m2/repository/com/overstock/ordermanager/FulfillmentOrderManager-bind/2.58/FulfillmentOrderManager-bind-2.58.jar:/Users/tbuchanan/.m2/repository/com/overstock/webdev/bundlediscount/BundleDiscountService/1.0.35/BundleDiscountService-1.0.35.jar:/Users/tbuchanan/.m2/repository/com/overstock/webdev/recommendations/RecommendationServices/1.0.5/RecommendationServices-1.0.5.jar:/Users/tbuchanan/.m2/repository/com/overstock/xps/XPS-bitcoin-client/1.32/XPS-bitcoin-client-1.32.jar:/Users/tbuchanan/.m2/repository/com/overstock/xps/XPS-bitcoin-bind/1.32/XPS-bitcoin-bind-1.32.jar:/Users/tbuchanan/.m2/repository/com/overstock/sourcingws/sourcingws-client/1.146/sourcingws-client-1.146.jar:/Users/tbuchanan/.m2/repository/com/overstock/sourcingws/sourcingws-common/1.146/sourcingws-common-1.146.jar:/Users/tbuchanan/.m2/repository/com/overstock/sitesalews/SiteSaleWS-client/1.6/SiteSaleWS-client-1.6.jar:/Users/tbuchanan/.m2/repository/com/overstock/sitesalews/SiteSaleWS-common/1.6/SiteSaleWS-common-1.6.jar:/Users/tbuchanan/.m2/repository/com/overstock/ProductModel/3.24/ProductModel-3.24.jar:/Users/tbuchanan/.m2/repository/com/overstock/xps/XPS-klarna-client/1.32/XPS-klarna-client-1.32.jar:/Users/tbuchanan/.m2/repository/com/overstock/xps/XPS-klarna-bind/1.32/XPS-klarna-bind-1.32.jar:/Users/tbuchanan/.m2/repository/com/overstock/xps/XPS-api-klarna/1.32/XPS-api-klarna-1.32.jar:/Users/tbuchanan/.m2/repository/com/overstock/xps/XPS-api-klarna-bind/1.32/XPS-api-klarna-bind-1.32.jar:/Users/tbuchanan/.m2/repository/com/overstock/xps/XPS-applepay-client/1.5/XPS-applepay-client-1.5.jar:/Users/tbuchanan/.m2/repository/com/overstock/xps/XPS-vault-client-service/1.001/XPS-vault-client-service-1.001.jar:/Users/tbuchanan/.m2/repository/com/overstock/xps/XPS-applepay-bind/1.5/XPS-applepay-bind-1.5.jar:/Users/tbuchanan/.m2/repository/com/overstock/xps/XPS-androidpay-crypto/1.003.3/XPS-androidpay-crypto-1.003.3-tests.jar:/Users/tbuchanan/.m2/repository/com/overstock/xps/XPS-androidpay-crypto/1.003.3/XPS-androidpay-crypto-1.003.3.jar:/Users/tbuchanan/.m2/repository/com/overstock/xps/XPS-androidpay-client/1.003.3/XPS-androidpay-client-1.003.3.jar:/Users/tbuchanan/.m2/repository/com/overstock/xps/XPS-androidpay-bind/1.003.3/XPS-androidpay-bind-1.003.3.jar:/Users/tbuchanan/.m2/repository/com/overstock/webdev/ShoppingOrderManagerCommon/1.0/ShoppingOrderManagerCommon-1.0.jar:/Users/tbuchanan/.m2/repository/com/overstock/webdev/e4x/E4XShopping/1.100/E4XShopping-1.100.jar:/Users/tbuchanan/.m2/repository/com/overstock/webdev/e4x/E4xWebServiceClient/1.8/E4xWebServiceClient-1.8.jar:/Users/tbuchanan/.m2/repository/com/sun/xml/ws/jaxws-rt/2.1.3/jaxws-rt-2.1.3.jar:/Users/tbuchanan/.m2/repository/javax/xml/ws/jaxws-api/2.1/jaxws-api-2.1.jar:/Users/tbuchanan/.m2/repository/com/sun/xml/messaging/saaj/saaj-impl/1.3/saaj-impl-1.3.jar:/Users/tbuchanan/.m2/repository/javax/xml/soap/saaj-api/1.3/saaj-api-1.3.jar:/Users/tbuchanan/.m2/repository/com/sun/xml/stream/buffer/streambuffer/0.7/streambuffer-0.7.jar:/Users/tbuchanan/.m2/repository/com/sun/xml/stream/sjsxp/1.0/sjsxp-1.0.jar:/Users/tbuchanan/.m2/repository/org/jvnet/staxex/stax-ex/1.2/stax-ex-1.2.jar:/Users/tbuchanan/.m2/repository/com/sun/org/apache/xml/internal/resolver/20050927/resolver-20050927.jar:/Users/tbuchanan/.m2/repository/org/jvnet/mimepull/1.1/mimepull-1.1.jar:/Users/tbuchanan/.m2/repository/com/overstock/webdev/E4xIpDataFileGenerator-reader/1.8.2/E4xIpDataFileGenerator-reader-1.8.2.jar:/Users/tbuchanan/.m2/repository/com/overstock/webdev/E4xIpDataFileGenerator-model/1.8.2/E4xIpDataFileGenerator-model-1.8.2.jar:/Users/tbuchanan/.m2/repository/com/overstock/merch/OutboundShippingCalculator-client/1.27/OutboundShippingCalculator-client-1.27.jar:/Users/tbuchanan/.m2/repository/com/overstock/merch/OutboundShippingCalculator-bind/1.27/OutboundShippingCalculator-bind-1.27.jar:/Users/tbuchanan/.m2/repository/com/overstock/merch/OutboundShippingCalculator-common/1.27/OutboundShippingCalculator-common-1.27.jar:/Users/tbuchanan/.m2/repository/org/mock-server/mockserver-netty/3.9.15/mockserver-netty-3.9.15.jar:/Users/tbuchanan/.m2/repository/org/mock-server/mockserver-client-java/3.9.15/mockserver-client-java-3.9.15.jar:/Users/tbuchanan/.m2/repository/org/mock-server/mockserver-core/3.9.15/mockserver-core-3.9.15.jar:/Users/tbuchanan/.m2/repository/org/skyscreamer/jsonassert/1.2.3/jsonassert-1.2.3.jar:/Users/tbuchanan/.m2/repository/janino/janino/2.5.10/janino-2.5.10.jar:/Users/tbuchanan/.m2/repository/org/mock-server/mockserver-logging/3.9.15/mockserver-logging-3.9.15.jar:/Users/tbuchanan/.m2/repository/com/overstock/payment/ostk-internal-payment-token/1.0/ostk-internal-payment-token-1.0.jar:/Users/tbuchanan/.m2/repository/com/fasterxml/jackson/datatype/jackson-datatype-jsr310/2.6.3/jackson-datatype-jsr310-2.6.3.jar:/Users/tbuchanan/.m2/repository/com/overstock/arch/ostk-spring-dbauth-support/1.0.1/ostk-spring-dbauth-support-1.0.1.jar:/Users/tbuchanan/.m2/repository/io/jsonwebtoken/jjwt/0.7.0/jjwt-0.7.0.jar:/Users/tbuchanan/.m2/repository/com/overstock/customeraccount/CustomerAccountService-client/2.91.3/CustomerAccountService-client-2.91.3.jar:/Users/tbuchanan/.m2/repository/com/overstock/customeraccount/CustomerAccountService-common/2.91.3/CustomerAccountService-common-2.91.3.jar:/Users/tbuchanan/.m2/repository/com/overstock/customeraccount/CustomerAccountAPI-bind/2.91.3/CustomerAccountAPI-bind-2.91.3.jar:/Users/tbuchanan/.m2/repository/com/overstock/api/auth-context-common/1.6/auth-context-common-1.6.jar:/Users/tbuchanan/.m2/repository/com/overstock/arch/TomcatFramework/3.0.1/TomcatFramework-3.0.1.jar:/Users/tbuchanan/.m2/repository/com/overstock/arch/jmshelper/1.14.4/jmshelper-1.14.4.jar:/Users/tbuchanan/.m2/repository/javax/resource/javax.resource-api/1.7/javax.resource-api-1.7.jar:/Users/tbuchanan/.m2/repository/org/springframework/spring-jms/4.2.7.RELEASE/spring-jms-4.2.7.RELEASE.jar:/Users/tbuchanan/.m2/repository/org/springframework/spring-messaging/4.2.7.RELEASE/spring-messaging-4.2.7.RELEASE.jar:/Users/tbuchanan/.m2/repository/com/overstock/invoicepaymentmanager/InvoicePaymentManager-intl-client/2.70/InvoicePaymentManager-intl-client-2.70.jar:/Users/tbuchanan/.m2/repository/com/overstock/invoicepaymentmanager/InvoicePaymentManager-bind/2.70/InvoicePaymentManager-bind-2.70.jar:/Users/tbuchanan/.m2/repository/com/overstock/invoicepaymentmanager/InvoicePaymentManager-common/2.70/InvoicePaymentManager-common-2.70.jar:/Users/tbuchanan/.m2/repository/org/pojomatic/pojomatic-test-utils/1.0/pojomatic-test-utils-1.0.jar:/Users/tbuchanan/.m2/repository/com/overstock/OrderModel/3.49/OrderModel-3.49.jar:/Users/tbuchanan/.m2/repository/org/springframework/spring-web/4.1.5.RELEASE/spring-web-4.1.5.RELEASE.jar:/Users/tbuchanan/.m2/repository/com/fasterxml/jackson/core/jackson-annotations/2.6.2/jackson-annotations-2.6.2.jar:/Users/tbuchanan/.m2/repository/com/fasterxml/jackson/core/jackson-databind/2.6.2/jackson-databind-2.6.2.jar:/Users/tbuchanan/.m2/repository/com/fasterxml/jackson/module/jackson-module-jaxb-annotations/2.6.2/jackson-module-jaxb-annotations-2.6.2.jar:/Users/tbuchanan/.m2/repository/com/fasterxml/jackson/dataformat/jackson-dataformat-xml/2.6.3/jackson-dataformat-xml-2.6.3.jar:/Users/tbuchanan/.m2/repository/org/codehaus/woodstox/stax2-api/3.1.4/stax2-api-3.1.4.jar:/Users/tbuchanan/.m2/repository/com/overstock/clubo/ClubOTransientRewardsModel-model/1.12.2/ClubOTransientRewardsModel-model-1.12.2.jar:/Users/tbuchanan/.m2/repository/net/sf/dozer/dozer/5.5.1/dozer-5.5.1.jar:/Users/tbuchanan/.m2/repository/net/sf/dozer/dozer-spring/5.5.1/dozer-spring-5.5.1.jar:/Users/tbuchanan/.m2/repository/com/overstock/clubo/ClubOModel/3.17/ClubOModel-3.17.jar:/Users/tbuchanan/.m2/repository/org/hibernate/hibernate-validator-legacy/4.0.2.GA/hibernate-validator-legacy-4.0.2.GA.jar:/Users/tbuchanan/.m2/repository/com/diffplug/durian/durian/3.4.0/durian-3.4.0.jar:/Users/tbuchanan/.m2/repository/org/apache/poi/poi-ooxml/3.17/poi-ooxml-3.17.jar:/Users/tbuchanan/.m2/repository/org/apache/poi/poi/3.17/poi-3.17.jar:/Users/tbuchanan/.m2/repository/org/apache/commons/commons-collections4/4.1/commons-collections4-4.1.jar:/Users/tbuchanan/.m2/repository/org/apache/poi/poi-ooxml-schemas/3.17/poi-ooxml-schemas-3.17.jar:/Users/tbuchanan/.m2/repository/org/apache/xmlbeans/xmlbeans/2.6.0/xmlbeans-2.6.0.jar:/Users/tbuchanan/.m2/repository/com/github/virtuald/curvesapi/1.04/curvesapi-1.04.jar:/Users/tbuchanan/.m2/repository/com/overstock/test/testlink-integration-common/2.0.4/testlink-integration-common-2.0.4.jar:/Users/tbuchanan/.m2/repository/com/jamesmurty/utils/java-xmlbuilder/1.1/java-xmlbuilder-1.1.jar:/Users/tbuchanan/.m2/repository/net/iharder/base64/2.3.8/base64-2.3.8.jar:/Users/tbuchanan/.m2/repository/com/overstock/aps/ostk-testng-testlink-integration/2.1/ostk-testng-testlink-integration-2.1.jar:/Users/tbuchanan/.m2/repository/com/overstock/test/testlink-integration-xmlrpc/2.0.4/testlink-integration-xmlrpc-2.0.4.jar:/Users/tbuchanan/.m2/repository/com/overstock/test/DatabaseTestUtils/1.1.1-SNAPSHOT/DatabaseTestUtils-1.1.1-SNAPSHOT.jar:/Users/tbuchanan/.m2/repository/com/overstock/test/BaseTestUtils/1.1.1-SNAPSHOT/BaseTestUtils-1.1.1-SNAPSHOT.jar:/Users/tbuchanan/.m2/repository/com/overstock/webdriver-test-frmwk/1.11/webdriver-test-frmwk-1.11.jar:/Users/tbuchanan/.m2/repository/xerces/xercesImpl/2.12.0/xercesImpl-2.12.0.jar:/Users/tbuchanan/.m2/repository/com/overstock/automation/automation-common/4.5.0/automation-common-4.5.0.jar:/Users/tbuchanan/.m2/repository/com/overstock/suppliertaxnexus/suppliertaxnexus-client/1.5/suppliertaxnexus-client-1.5.jar:/Users/tbuchanan/.m2/repository/com/overstock/arch/jaxrs-shadow/3.3/jaxrs-shadow-3.3.jar:/Users/tbuchanan/.m2/repository/org/glassfish/jersey/ext/jersey-proxy-client/2.20/jersey-proxy-client-2.20.jar:/Users/tbuchanan/.m2/repository/com/overstock/suppliertaxnexus/suppliertaxnexus-common/1.5/suppliertaxnexus-common-1.5.jar:/Users/tbuchanan/.m2/repository/com/overstock/sitesale/productoption/OptionSaleCache/1.6/OptionSaleCache-1.6.jar:/Users/tbuchanan/.m2/repository/org/springframework/data/spring-data-redis/1.8.1.RELEASE/spring-data-redis-1.8.1.RELEASE.jar:/Users/tbuchanan/.m2/repository/org/springframework/data/spring-data-keyvalue/1.2.1.RELEASE/spring-data-keyvalue-1.2.1.RELEASE.jar:/Users/tbuchanan/.m2/repository/org/springframework/spring-oxm/4.3.7.RELEASE/spring-oxm-4.3.7.RELEASE.jar:/Users/tbuchanan/.m2/repository/redis/clients/jedis/2.9.0/jedis-2.9.0.jar:/Users/tbuchanan/.m2/repository/org/apache/commons/commons-pool2/2.4.2/commons-pool2-2.4.2.jar:/Users/tbuchanan/.m2/repository/com/overstock/xps/XPS-paypal-client/1.7.2/XPS-paypal-client-1.7.2.jar:/Users/tbuchanan/.m2/repository/com/overstock/xps/XPS-paypal-bind/1.7.2/XPS-paypal-bind-1.7.2.jar:/Users/tbuchanan/.m2/repository/com/overstock/arch/mockcoinbase-client/2.03/mockcoinbase-client-2.03.jar:/Users/tbuchanan/.m2/repository/com/overstock/arch/mockcoinbase-model/2.03/mockcoinbase-model-2.03.jar:/Users/tbuchanan/.m2/repository/com/overstock/xps/XPS-applepay-token/1.10.1/XPS-applepay-token-1.10.1.jar:/Users/tbuchanan/.m2/repository/org/bouncycastle/bcmail-jdk15on/1.53/bcmail-jdk15on-1.53.jar:/Users/tbuchanan/.m2/repository/com/overstock/xps/XPS-crypto-bind/1.2/XPS-crypto-bind-1.2.jar:/Users/tbuchanan/.m2/repository/com/overstock/xps/XPS-applepay-token/1.10.1/XPS-applepay-token-1.10.1-tests.jar:/Users/tbuchanan/.m2/repository/com/overstock/arch/Configuration-client/3.1.11/Configuration-client-3.1.11.jar:/Users/tbuchanan/.m2/repository/com/overstock/arch/Configuration-common/3.1.11/Configuration-common-3.1.11.jar:/Users/tbuchanan/.m2/repository/com/overstock/fx/ForeignExchangeService-jaxrs-client/1.7/ForeignExchangeService-jaxrs-client-1.7.jar:/Users/tbuchanan/.m2/repository/com/overstock/fx/ForeignExchangeService-common/1.7/ForeignExchangeService-common-1.7.jar:/Users/tbuchanan/.m2/repository/com/github/tomakehurst/wiremock/2.17.0/wiremock-2.17.0.jar:/Users/tbuchanan/.m2/repository/org/eclipse/jetty/jetty-server/9.2.24.v20180105/jetty-server-9.2.24.v20180105.jar:/Users/tbuchanan/.m2/repository/org/eclipse/jetty/jetty-servlet/9.2.24.v20180105/jetty-servlet-9.2.24.v20180105.jar:/Users/tbuchanan/.m2/repository/org/eclipse/jetty/jetty-security/9.2.24.v20180105/jetty-security-9.2.24.v20180105.jar:/Users/tbuchanan/.m2/repository/org/eclipse/jetty/jetty-servlets/9.2.24.v20180105/jetty-servlets-9.2.24.v20180105.jar:/Users/tbuchanan/.m2/repository/org/eclipse/jetty/jetty-continuation/9.2.24.v20180105/jetty-continuation-9.2.24.v20180105.jar:/Users/tbuchanan/.m2/repository/org/eclipse/jetty/jetty-webapp/9.2.24.v20180105/jetty-webapp-9.2.24.v20180105.jar:/Users/tbuchanan/.m2/repository/org/eclipse/jetty/jetty-xml/9.2.24.v20180105/jetty-xml-9.2.24.v20180105.jar:/Users/tbuchanan/.m2/repository/org/xmlunit/xmlunit-core/2.5.1/xmlunit-core-2.5.1.jar:/Users/tbuchanan/.m2/repository/org/xmlunit/xmlunit-legacy/2.5.1/xmlunit-legacy-2.5.1.jar:/Users/tbuchanan/.m2/repository/com/jayway/jsonpath/json-path/2.4.0/json-path-2.4.0.jar:/Users/tbuchanan/.m2/repository/net/minidev/json-smart/2.3/json-smart-2.3.jar:/Users/tbuchanan/.m2/repository/net/minidev/accessors-smart/1.2/accessors-smart-1.2.jar:/Users/tbuchanan/.m2/repository/com/flipkart/zjsonpatch/zjsonpatch/0.4.4/zjsonpatch-0.4.4.jar:/Users/tbuchanan/.m2/repository/com/github/jknack/handlebars/4.0.6/handlebars-4.0.6.jar:/Users/tbuchanan/.m2/repository/org/antlr/antlr4-runtime/4.5.1-1/antlr4-runtime-4.5.1-1.jar:/Users/tbuchanan/.m2/repository/com/github/jknack/handlebars-helpers/4.0.6/handlebars-helpers-4.0.6.jar:/Users/tbuchanan/.m2/repository/com/overstock/arch/jerseyClientFramework/1.1.1/jerseyClientFramework-1.1.1.jar:/Users/tbuchanan/.m2/repository/com/sun/jersey/contribs/jersey-apache-client/1.12/jersey-apache-client-1.12.jar:/Users/tbuchanan/.m2/repository/commons-httpclient/commons-httpclient/3.1/commons-httpclient-3.1.jar:/Users/tbuchanan/.m2/repository/com/overstock/eyeballs/epips-common/1.83/epips-common-1.83.jar:/Users/tbuchanan/.m2/repository/com/overstock/mp/CommonModel/1.0/CommonModel-1.0.jar:/Users/tbuchanan/.m2/repository/com/overstock/automation/automation-model/4.5.0/automation-model-4.5.0.jar:/Users/tbuchanan/.m2/repository/log4j/log4j/1.2.17/log4j-1.2.17.jar:/Users/tbuchanan/.m2/repository/weblogic/wlfullclient/11.1-ostk6/wlfullclient-11.1-ostk6.jar:/Users/tbuchanan/.m2/repository/com/bea/commonj/com.springsource.commonj/1.1.0/com.springsource.commonj-1.1.0.jar:/Users/tbuchanan/.m2/repository/com/sun/jersey/jersey-client/1.17.1/jersey-client-1.17.1.jar:/Users/tbuchanan/.m2/repository/com/overstock/arch/rest-framework/1.24/rest-framework-1.24.jar:/Users/tbuchanan/.m2/repository/com/noelios/restlet/com.noelios.restlet/1.1.8/com.noelios.restlet-1.1.8.jar:/Users/tbuchanan/.m2/repository/com/noelios/restlet/com.noelios.restlet.ext.httpclient/1.1.8/com.noelios.restlet.ext.httpclient-1.1.8.jar:/Users/tbuchanan/.m2/repository/com/noelios/restlet/com.noelios.restlet.ext.servlet/1.1.8/com.noelios.restlet.ext.servlet-1.1.8.jar:/Users/tbuchanan/.m2/repository/com/noelios/restlet/com.noelios.restlet.ext.simple/1.1.8/com.noelios.restlet.ext.simple-1.1.8.jar:/Users/tbuchanan/.m2/repository/com/noelios/restlet/com.noelios.restlet.ext.net/1.1.8/com.noelios.restlet.ext.net-1.1.8.jar:/Users/tbuchanan/.m2/repository/org/restlet/org.restlet/1.1.8/org.restlet-1.1.8.jar:/Users/tbuchanan/.m2/repository/org/restlet/org.restlet.ext.jaxb/1.1.8/org.restlet.ext.jaxb-1.1.8.jar:/Users/tbuchanan/.m2/repository/org/simpleframework/org.simpleframework/3.1.3/org.simpleframework-3.1.3.jar:/Users/tbuchanan/.m2/repository/javax/activation/activation/1.1/activation-1.1.jar:/Users/tbuchanan/.m2/repository/org/json/org.json/2.0/org.json-2.0.jar:/Users/tbuchanan/.m2/repository/com/overstock/clubo/ClubOService-common/1.86.1/ClubOService-common-1.86.1.jar:/Users/tbuchanan/.m2/repository/javax/xml/bind/jaxb-api/2.3.0/jaxb-api-2.3.0.jar:/Users/tbuchanan/.m2/repository/com/overstock/finance/ipsws-common/2.68/ipsws-common-2.68.jar:/Users/tbuchanan/.m2/repository/org/codehaus/jackson/jackson-mapper-asl/1.9.13/jackson-mapper-asl-1.9.13.jar:/Users/tbuchanan/.m2/repository/org/glassfish/jersey/bundles/repackaged/jersey-guava/2.22.1/jersey-guava-2.22.1.jar:/Users/tbuchanan/.m2/repository/org/apache/ant/ant/1.10.4/ant-1.10.4.jar:/Users/tbuchanan/.m2/repository/org/glassfish/jersey/core/jersey-common/2.22.2/jersey-common-2.22.2.jar:/Users/tbuchanan/.m2/repository/org/glassfish/hk2/hk2-api/2.4.0-b34/hk2-api-2.4.0-b34.jar:/Users/tbuchanan/.m2/repository/org/glassfish/hk2/hk2-utils/2.4.0-b34/hk2-utils-2.4.0-b34.jar:/Users/tbuchanan/.m2/repository/org/glassfish/hk2/hk2-locator/2.4.0-b34/hk2-locator-2.4.0-b34.jar:/Users/tbuchanan/.m2/repository/org/glassfish/hk2/osgi-resource-locator/1.0.1/osgi-resource-locator-1.0.1.jar:/Users/tbuchanan/.m2/repository/org/postgresql/postgresql/42.2.5/postgresql-42.2.5.jar:/Users/tbuchanan/.m2/repository/org/glassfish/javax.json/1.0/javax.json-1.0.jar:/Users/tbuchanan/.m2/repository/io/rest-assured/rest-assured/3.0.2/rest-assured-3.0.2.jar:/Users/tbuchanan/.m2/repository/org/codehaus/groovy/groovy-xml/2.4.6/groovy-xml-2.4.6.jar:/Users/tbuchanan/.m2/repository/org/ccil/cowan/tagsoup/tagsoup/1.2.1/tagsoup-1.2.1.jar:/Users/tbuchanan/.m2/repository/io/rest-assured/json-path/3.0.2/json-path-3.0.2.jar:/Users/tbuchanan/.m2/repository/org/codehaus/groovy/groovy-json/2.4.6/groovy-json-2.4.6.jar:/Users/tbuchanan/.m2/repository/io/rest-assured/rest-assured-common/3.0.2/rest-assured-common-3.0.2.jar:/Users/tbuchanan/.m2/repository/io/rest-assured/xml-path/3.0.2/xml-path-3.0.2.jar:/Users/tbuchanan/.m2/repository/org/seleniumhq/selenium/selenium-support/3.14.0/selenium-support-3.14.0.jar:/Users/tbuchanan/.m2/repository/org/apache/commons/commons-exec/1.3/commons-exec-1.3.jar:/Users/tbuchanan/.m2/repository/com/squareup/okhttp3/okhttp/3.10.0/okhttp-3.10.0.jar:/Users/tbuchanan/.m2/repository/com/squareup/okio/okio/1.14.1/okio-1.14.1.jar:/Users/tbuchanan/.m2/repository/org/seleniumhq/selenium/selenium-chrome-driver/3.14.0/selenium-chrome-driver-3.14.0.jar:/Users/tbuchanan/.m2/repository/org/seleniumhq/selenium/selenium-remote-driver/3.14.0/selenium-remote-driver-3.14.0.jar:/Users/tbuchanan/.m2/repository/junit/junit/4.12/junit-4.12.jar:/Users/tbuchanan/.m2/repository/org/apache/maven/surefire/surefire-testng-utils/2.20.1/surefire-testng-utils-2.20.1.jar:/Users/tbuchanan/.m2/repository/org/apache/maven/surefire/surefire-grouper/2.20.1/surefire-grouper-2.20.1.jar:"/>
    <property name="java.vm.vendor" value="Oracle Corporation"/>
    <property name="sun.arch.data.model" value="64"/>
    <property name="java.vendor.url" value="http://java.oracle.com/"/>
    <property name="user.timezone" value=""/>
    <property name="java.vm.specification.version" value="1.8"/>
    <property name="os.name" value="Mac OS X"/>
    <property name="user.country" value="US"/>
    <property name="sun.java.launcher" value="SUN_STANDARD"/>
    <property name="sun.boot.library.path" value="/Library/Java/JavaVirtualMachines/jdk1.8.0_221.jdk/Contents/Home/jre/lib"/>
    <property name="sun.java.command" value="/Users/tbuchanan/IdeaProjects/earlyaccess-automation-testing/target/surefire/surefirebooter3895957222986345456.jar /Users/tbuchanan/IdeaProjects/earlyaccess-automation-testing/target/surefire 2019-09-24T15-31-36_012-jvmRun1 surefire631390213244522970tmp surefire_06242438736396679277tmp"/>
    <property name="http.nonProxyHosts" value="local|*.local|169.254/16|*.169.254/16"/>
    <property name="surefire.test.class.path" value="/Users/tbuchanan/IdeaProjects/earlyaccess-automation-testing/target/test-classes:/Users/tbuchanan/IdeaProjects/earlyaccess-automation-testing/target/classes:/Users/tbuchanan/.m2/repository/com/google/code/findbugs/annotations/3.0.0/annotations-3.0.0.jar:/Users/tbuchanan/.m2/repository/net/serenity-bdd/serenity-core/1.6.3/serenity-core-1.6.3.jar:/Users/tbuchanan/.m2/repository/com/google/guava/guava/23.0/guava-23.0.jar:/Users/tbuchanan/.m2/repository/com/google/errorprone/error_prone_annotations/2.0.18/error_prone_annotations-2.0.18.jar:/Users/tbuchanan/.m2/repository/com/google/j2objc/j2objc-annotations/1.1/j2objc-annotations-1.1.jar:/Users/tbuchanan/.m2/repository/org/codehaus/mojo/animal-sniffer-annotations/1.14/animal-sniffer-annotations-1.14.jar:/Users/tbuchanan/.m2/repository/com/google/inject/guice/4.1.0/guice-4.1.0.jar:/Users/tbuchanan/.m2/repository/aopalliance/aopalliance/1.0/aopalliance-1.0.jar:/Users/tbuchanan/.m2/repository/cglib/cglib/3.2.5/cglib-3.2.5.jar:/Users/tbuchanan/.m2/repository/org/ow2/asm/asm/5.0.3/asm-5.0.3.jar:/Users/tbuchanan/.m2/repository/commons-codec/commons-codec/1.10/commons-codec-1.10.jar:/Users/tbuchanan/.m2/repository/org/objenesis/objenesis/2.6/objenesis-2.6.jar:/Users/tbuchanan/.m2/repository/org/slf4j/slf4j-api/1.7.21/slf4j-api-1.7.21.jar:/Users/tbuchanan/.m2/repository/xml-apis/xml-apis/1.4.01/xml-apis-1.4.01.jar:/Users/tbuchanan/.m2/repository/commons-logging/commons-logging/1.2/commons-logging-1.2.jar:/Users/tbuchanan/.m2/repository/org/mockito/mockito-core/1.10.19/mockito-core-1.10.19.jar:/Users/tbuchanan/.m2/repository/net/bytebuddy/byte-buddy/1.7.1/byte-buddy-1.7.1.jar:/Users/tbuchanan/.m2/repository/io/vavr/vavr/0.9.0/vavr-0.9.0.jar:/Users/tbuchanan/.m2/repository/io/vavr/vavr-match/0.9.0/vavr-match-0.9.0.jar:/Users/tbuchanan/.m2/repository/net/serenity-bdd/serenity-report-resources/1.6.3/serenity-report-resources-1.6.3.jar:/Users/tbuchanan/.m2/repository/com/google/code/gson/gson/2.8.0/gson-2.8.0.jar:/Users/tbuchanan/.m2/repository/commons-io/commons-io/2.5/commons-io-2.5.jar:/Users/tbuchanan/.m2/repository/com/opera/operadriver/1.5/operadriver-1.5.jar:/Users/tbuchanan/.m2/repository/com/opera/operalaunchers/1.1/operalaunchers-1.1.jar:/Users/tbuchanan/.m2/repository/com/google/protobuf/protobuf-java/2.4.1/protobuf-java-2.4.1.jar:/Users/tbuchanan/.m2/repository/commons-jxpath/commons-jxpath/1.3/commons-jxpath-1.3.jar:/Users/tbuchanan/.m2/repository/org/ini4j/ini4j/0.5.2/ini4j-0.5.2.jar:/Users/tbuchanan/.m2/repository/org/seleniumhq/selenium/selenium-server/3.5.3/selenium-server-3.5.3.jar:/Users/tbuchanan/.m2/repository/org/seleniumhq/selenium/selenium-edge-driver/3.5.3/selenium-edge-driver-3.5.3.jar:/Users/tbuchanan/.m2/repository/org/seleniumhq/selenium/selenium-firefox-driver/3.5.3/selenium-firefox-driver-3.5.3.jar:/Users/tbuchanan/.m2/repository/org/seleniumhq/selenium/selenium-ie-driver/3.5.3/selenium-ie-driver-3.5.3.jar:/Users/tbuchanan/.m2/repository/org/seleniumhq/selenium/selenium-opera-driver/3.5.3/selenium-opera-driver-3.5.3.jar:/Users/tbuchanan/.m2/repository/org/seleniumhq/selenium/selenium-safari-driver/3.5.3/selenium-safari-driver-3.5.3.jar:/Users/tbuchanan/.m2/repository/org/w3c/css/sac/1.3/sac-1.3.jar:/Users/tbuchanan/.m2/repository/net/sourceforge/cssparser/cssparser/0.9.23/cssparser-0.9.23.jar:/Users/tbuchanan/.m2/repository/net/sourceforge/htmlunit/htmlunit-core-js/2.27/htmlunit-core-js-2.27.jar:/Users/tbuchanan/.m2/repository/net/sourceforge/htmlunit/neko-htmlunit/2.27/neko-htmlunit-2.27.jar:/Users/tbuchanan/.m2/repository/org/seleniumhq/selenium/jetty-repacked/9.4.5.v20170502/jetty-repacked-9.4.5.v20170502.jar:/Users/tbuchanan/.m2/repository/org/eclipse/jetty/jetty-client/9.4.5.v20170502/jetty-client-9.4.5.v20170502.jar:/Users/tbuchanan/.m2/repository/org/eclipse/jetty/jetty-http/9.4.5.v20170502/jetty-http-9.4.5.v20170502.jar:/Users/tbuchanan/.m2/repository/net/java/dev/jna/jna/4.1.0/jna-4.1.0.jar:/Users/tbuchanan/.m2/repository/net/java/dev/jna/jna-platform/4.1.0/jna-platform-4.1.0.jar:/Users/tbuchanan/.m2/repository/javax/servlet/javax.servlet-api/3.1.0/javax.servlet-api-3.1.0.jar:/Users/tbuchanan/.m2/repository/org/eclipse/jetty/websocket/websocket-api/9.4.5.v20170502/websocket-api-9.4.5.v20170502.jar:/Users/tbuchanan/.m2/repository/org/eclipse/jetty/websocket/websocket-client/9.4.5.v20170502/websocket-client-9.4.5.v20170502.jar:/Users/tbuchanan/.m2/repository/org/eclipse/jetty/websocket/websocket-common/9.4.5.v20170502/websocket-common-9.4.5.v20170502.jar:/Users/tbuchanan/.m2/repository/com/codeborne/phantomjsdriver/1.4.3/phantomjsdriver-1.4.3.jar:/Users/tbuchanan/.m2/repository/org/eclipse/jetty/jetty-util/9.4.5.v20170502/jetty-util-9.4.5.v20170502.jar:/Users/tbuchanan/.m2/repository/org/eclipse/jetty/jetty-io/9.4.5.v20170502/jetty-io-9.4.5.v20170502.jar:/Users/tbuchanan/.m2/repository/org/seleniumhq/selenium/htmlunit-driver/2.27/htmlunit-driver-2.27.jar:/Users/tbuchanan/.m2/repository/org/codehaus/groovy/groovy/2.4.11/groovy-2.4.11.jar:/Users/tbuchanan/.m2/repository/net/sf/opencsv/opencsv/2.0/opencsv-2.0.jar:/Users/tbuchanan/.m2/repository/commons-beanutils/commons-beanutils-core/1.8.3/commons-beanutils-core-1.8.3.jar:/Users/tbuchanan/.m2/repository/joda-time/joda-time/2.7/joda-time-2.7.jar:/Users/tbuchanan/.m2/repository/com/thoughtworks/xstream/xstream/1.4.9/xstream-1.4.9.jar:/Users/tbuchanan/.m2/repository/xmlpull/xmlpull/1.1.3.1/xmlpull-1.1.3.1.jar:/Users/tbuchanan/.m2/repository/xpp3/xpp3_min/1.1.4c/xpp3_min-1.1.4c.jar:/Users/tbuchanan/.m2/repository/org/apache/commons/commons-lang3/3.4/commons-lang3-3.4.jar:/Users/tbuchanan/.m2/repository/commons-collections/commons-collections/3.2.2/commons-collections-3.2.2.jar:/Users/tbuchanan/.m2/repository/org/freemarker/freemarker/2.3.23/freemarker-2.3.23.jar:/Users/tbuchanan/.m2/repository/net/sourceforge/jexcelapi/jxl/2.6.12/jxl-2.6.12.jar:/Users/tbuchanan/.m2/repository/org/hamcrest/hamcrest-core/1.3/hamcrest-core-1.3.jar:/Users/tbuchanan/.m2/repository/org/hamcrest/hamcrest-library/1.3/hamcrest-library-1.3.jar:/Users/tbuchanan/.m2/repository/net/sourceforge/htmlunit/htmlunit/2.27/htmlunit-2.27.jar:/Users/tbuchanan/.m2/repository/org/apache/httpcomponents/httpclient/4.5.3/httpclient-4.5.3.jar:/Users/tbuchanan/.m2/repository/org/apache/httpcomponents/httpmime/4.5.3/httpmime-4.5.3.jar:/Users/tbuchanan/.m2/repository/org/fluentlenium/fluentlenium-core/0.10.2/fluentlenium-core-0.10.2.jar:/Users/tbuchanan/.m2/repository/com/jhlabs/filters/2.0.235/filters-2.0.235.jar:/Users/tbuchanan/.m2/repository/org/asciidoctor/asciidoctor-java-integration/0.1.4/asciidoctor-java-integration-0.1.4.jar:/Users/tbuchanan/.m2/repository/org/jruby/jruby-complete/1.7.4/jruby-complete-1.7.4.jar:/Users/tbuchanan/.m2/repository/org/imgscalr/imgscalr-lib/4.2/imgscalr-lib-4.2.jar:/Users/tbuchanan/.m2/repository/javax/validation/validation-api/1.1.0.Final/validation-api-1.1.0.Final.jar:/Users/tbuchanan/.m2/repository/org/hibernate/hibernate-validator/5.1.1.Final/hibernate-validator-5.1.1.Final.jar:/Users/tbuchanan/.m2/repository/org/jboss/logging/jboss-logging/3.1.3.GA/jboss-logging-3.1.3.GA.jar:/Users/tbuchanan/.m2/repository/com/fasterxml/classmate/1.0.0/classmate-1.0.0.jar:/Users/tbuchanan/.m2/repository/javax/el/javax.el-api/2.2.4/javax.el-api-2.2.4.jar:/Users/tbuchanan/.m2/repository/org/glassfish/web/javax.el/2.2.4/javax.el-2.2.4.jar:/Users/tbuchanan/.m2/repository/xalan/xalan/2.7.2/xalan-2.7.2.jar:/Users/tbuchanan/.m2/repository/xalan/serializer/2.7.2/serializer-2.7.2.jar:/Users/tbuchanan/.m2/repository/org/awaitility/awaitility/3.0.0/awaitility-3.0.0.jar:/Users/tbuchanan/.m2/repository/com/typesafe/config/1.3.1/config-1.3.1.jar:/Users/tbuchanan/.m2/repository/org/jsoup/jsoup/1.10.3/jsoup-1.10.3.jar:/Users/tbuchanan/.m2/repository/com/google/jimfs/jimfs/1.1/jimfs-1.1.jar:/Users/tbuchanan/.m2/repository/es/nitaur/markdown/txtmark/0.16/txtmark-0.16.jar:/Users/tbuchanan/.m2/repository/com/vladsch/flexmark/flexmark-all/0.26.4/flexmark-all-0.26.4.jar:/Users/tbuchanan/.m2/repository/com/vladsch/flexmark/flexmark/0.26.4/flexmark-0.26.4.jar:/Users/tbuchanan/.m2/repository/com/vladsch/flexmark/flexmark-ext-abbreviation/0.26.4/flexmark-ext-abbreviation-0.26.4.jar:/Users/tbuchanan/.m2/repository/com/vladsch/flexmark/flexmark-ext-anchorlink/0.26.4/flexmark-ext-anchorlink-0.26.4.jar:/Users/tbuchanan/.m2/repository/com/vladsch/flexmark/flexmark-ext-aside/0.26.4/flexmark-ext-aside-0.26.4.jar:/Users/tbuchanan/.m2/repository/com/vladsch/flexmark/flexmark-ext-autolink/0.26.4/flexmark-ext-autolink-0.26.4.jar:/Users/tbuchanan/.m2/repository/org/nibor/autolink/autolink/0.6.0/autolink-0.6.0.jar:/Users/tbuchanan/.m2/repository/com/vladsch/flexmark/flexmark-ext-definition/0.26.4/flexmark-ext-definition-0.26.4.jar:/Users/tbuchanan/.m2/repository/com/vladsch/flexmark/flexmark-ext-emoji/0.26.4/flexmark-ext-emoji-0.26.4.jar:/Users/tbuchanan/.m2/repository/com/vladsch/flexmark/flexmark-ext-escaped-character/0.26.4/flexmark-ext-escaped-character-0.26.4.jar:/Users/tbuchanan/.m2/repository/com/vladsch/flexmark/flexmark-ext-footnotes/0.26.4/flexmark-ext-footnotes-0.26.4.jar:/Users/tbuchanan/.m2/repository/com/vladsch/flexmark/flexmark-ext-gfm-issues/0.26.4/flexmark-ext-gfm-issues-0.26.4.jar:/Users/tbuchanan/.m2/repository/com/vladsch/flexmark/flexmark-ext-gfm-strikethrough/0.26.4/flexmark-ext-gfm-strikethrough-0.26.4.jar:/Users/tbuchanan/.m2/repository/com/vladsch/flexmark/flexmark-ext-gfm-tables/0.26.4/flexmark-ext-gfm-tables-0.26.4.jar:/Users/tbuchanan/.m2/repository/com/vladsch/flexmark/flexmark-ext-gfm-tasklist/0.26.4/flexmark-ext-gfm-tasklist-0.26.4.jar:/Users/tbuchanan/.m2/repository/com/vladsch/flexmark/flexmark-ext-gfm-users/0.26.4/flexmark-ext-gfm-users-0.26.4.jar:/Users/tbuchanan/.m2/repository/com/vladsch/flexmark/flexmark-ext-jekyll-front-matter/0.26.4/flexmark-ext-jekyll-front-matter-0.26.4.jar:/Users/tbuchanan/.m2/repository/com/vladsch/flexmark/flexmark-ext-jekyll-tag/0.26.4/flexmark-ext-jekyll-tag-0.26.4.jar:/Users/tbuchanan/.m2/repository/com/vladsch/flexmark/flexmark-ext-ins/0.26.4/flexmark-ext-ins-0.26.4.jar:/Users/tbuchanan/.m2/repository/com/vladsch/flexmark/flexmark-ext-xwiki-macros/0.26.4/flexmark-ext-xwiki-macros-0.26.4.jar:/Users/tbuchanan/.m2/repository/com/vladsch/flexmark/flexmark-ext-superscript/0.26.4/flexmark-ext-superscript-0.26.4.jar:/Users/tbuchanan/.m2/repository/com/vladsch/flexmark/flexmark-ext-tables/0.26.4/flexmark-ext-tables-0.26.4.jar:/Users/tbuchanan/.m2/repository/com/vladsch/flexmark/flexmark-ext-toc/0.26.4/flexmark-ext-toc-0.26.4.jar:/Users/tbuchanan/.m2/repository/com/vladsch/flexmark/flexmark-ext-typographic/0.26.4/flexmark-ext-typographic-0.26.4.jar:/Users/tbuchanan/.m2/repository/com/vladsch/flexmark/flexmark-ext-wikilink/0.26.4/flexmark-ext-wikilink-0.26.4.jar:/Users/tbuchanan/.m2/repository/com/vladsch/flexmark/flexmark-ext-yaml-front-matter/0.26.4/flexmark-ext-yaml-front-matter-0.26.4.jar:/Users/tbuchanan/.m2/repository/com/vladsch/flexmark/flexmark-formatter/0.26.4/flexmark-formatter-0.26.4.jar:/Users/tbuchanan/.m2/repository/com/vladsch/flexmark/flexmark-html-parser/0.26.4/flexmark-html-parser-0.26.4.jar:/Users/tbuchanan/.m2/repository/com/vladsch/flexmark/flexmark-jira-converter/0.26.4/flexmark-jira-converter-0.26.4.jar:/Users/tbuchanan/.m2/repository/com/vladsch/flexmark/flexmark-pdf-converter/0.26.4/flexmark-pdf-converter-0.26.4.jar:/Users/tbuchanan/.m2/repository/com/openhtmltopdf/openhtmltopdf-core/0.0.1-RC9/openhtmltopdf-core-0.0.1-RC9.jar:/Users/tbuchanan/.m2/repository/com/openhtmltopdf/openhtmltopdf-pdfbox/0.0.1-RC9/openhtmltopdf-pdfbox-0.0.1-RC9.jar:/Users/tbuchanan/.m2/repository/org/apache/pdfbox/pdfbox/2.0.4/pdfbox-2.0.4.jar:/Users/tbuchanan/.m2/repository/org/apache/pdfbox/fontbox/2.0.4/fontbox-2.0.4.jar:/Users/tbuchanan/.m2/repository/com/openhtmltopdf/openhtmltopdf-rtl-support/0.0.1-RC9/openhtmltopdf-rtl-support-0.0.1-RC9.jar:/Users/tbuchanan/.m2/repository/com/ibm/icu/icu4j/58.1/icu4j-58.1.jar:/Users/tbuchanan/.m2/repository/com/openhtmltopdf/openhtmltopdf-jsoup-dom-converter/0.0.1-RC9/openhtmltopdf-jsoup-dom-converter-0.0.1-RC9.jar:/Users/tbuchanan/.m2/repository/com/vladsch/flexmark/flexmark-profile-pegdown/0.26.4/flexmark-profile-pegdown-0.26.4.jar:/Users/tbuchanan/.m2/repository/com/vladsch/flexmark/flexmark-util/0.26.4/flexmark-util-0.26.4.jar:/Users/tbuchanan/.m2/repository/com/vladsch/flexmark/flexmark-youtrack-converter/0.26.4/flexmark-youtrack-converter-0.26.4.jar:/Users/tbuchanan/.m2/repository/net/serenity-bdd/serenity-junit/1.6.3/serenity-junit-1.6.3.jar:/Users/tbuchanan/.m2/repository/net/serenity-bdd/serenity-rest-assured/1.6.3/serenity-rest-assured-1.6.3.jar:/Users/tbuchanan/.m2/repository/info/cukes/cucumber-core/1.2.5/cucumber-core-1.2.5.jar:/Users/tbuchanan/.m2/repository/info/cukes/cucumber-html/0.2.3/cucumber-html-0.2.3.jar:/Users/tbuchanan/.m2/repository/info/cukes/cucumber-jvm-deps/1.0.5/cucumber-jvm-deps-1.0.5.jar:/Users/tbuchanan/.m2/repository/info/cukes/gherkin/2.12.2/gherkin-2.12.2.jar:/Users/tbuchanan/.m2/repository/io/github/bonigarcia/webdrivermanager/1.7.2/webdrivermanager-1.7.2.jar:/Users/tbuchanan/.m2/repository/org/rauschig/jarchivelib/0.7.1/jarchivelib-0.7.1.jar:/Users/tbuchanan/.m2/repository/org/apache/commons/commons-compress/1.9/commons-compress-1.9.jar:/Users/tbuchanan/.m2/repository/net/serenity-bdd/serenity-screenplay/1.6.3/serenity-screenplay-1.6.3.jar:/Users/tbuchanan/.m2/repository/net/serenity-bdd/serenity-screenplay-webdriver/1.6.3/serenity-screenplay-webdriver-1.6.3.jar:/Users/tbuchanan/.m2/repository/net/serenity-bdd/serenity-cucumber/1.9.39/serenity-cucumber-1.9.39.jar:/Users/tbuchanan/.m2/repository/io/cucumber/cucumber-java/2.4.0/cucumber-java-2.4.0.jar:/Users/tbuchanan/.m2/repository/io/cucumber/cucumber-junit/2.4.0/cucumber-junit-2.4.0.jar:/Users/tbuchanan/.m2/repository/org/apache/commons/commons-csv/1.5/commons-csv-1.5.jar:/Users/tbuchanan/.m2/repository/io/appium/java-client/4.1.2/java-client-4.1.2.jar:/Users/tbuchanan/.m2/repository/org/seleniumhq/selenium/selenium-java/2.53.1/selenium-java-2.53.1.jar:/Users/tbuchanan/.m2/repository/org/seleniumhq/selenium/selenium-leg-rc/2.53.1/selenium-leg-rc-2.53.1.jar:/Users/tbuchanan/.m2/repository/commons-validator/commons-validator/1.5.1/commons-validator-1.5.1.jar:/Users/tbuchanan/.m2/repository/commons-digester/commons-digester/1.8.1/commons-digester-1.8.1.jar:/Users/tbuchanan/.m2/repository/org/aspectj/aspectjweaver/1.8.9/aspectjweaver-1.8.9.jar:/Users/tbuchanan/.m2/repository/com/overstock/webdev/test/DBUtils/trunk-SNAPSHOT/DBUtils-trunk-SNAPSHOT.jar:/Users/tbuchanan/.m2/repository/com/overstock/arch/money-util/3.0.0/money-util-3.0.0.jar:/Users/tbuchanan/.m2/repository/com/overstock/webdev/test/CommonUtilities/trunk-SNAPSHOT/CommonUtilities-trunk-SNAPSHOT.jar:/Users/tbuchanan/.m2/repository/com/overstock/arch/JavaFrameworkTestUtils/5.3/JavaFrameworkTestUtils-5.3.jar:/Users/tbuchanan/.m2/repository/org/javassist/javassist/3.18.2-GA/javassist-3.18.2-GA.jar:/Users/tbuchanan/.m2/repository/org/easymock/easymock/3.1/easymock-3.1.jar:/Users/tbuchanan/.m2/repository/org/apache/logging/log4j/log4j-api/2.6.2/log4j-api-2.6.2.jar:/Users/tbuchanan/.m2/repository/org/apache/logging/log4j/log4j-core/2.6.2/log4j-core-2.6.2.jar:/Users/tbuchanan/.m2/repository/org/apache/logging/log4j/log4j-slf4j-impl/2.6.2/log4j-slf4j-impl-2.6.2.jar:/Users/tbuchanan/.m2/repository/org/apache/logging/log4j/log4j-jcl/2.6.2/log4j-jcl-2.6.2.jar:/Users/tbuchanan/.m2/repository/org/apache/logging/log4j/log4j-web/2.6.2/log4j-web-2.6.2.jar:/Users/tbuchanan/.m2/repository/javax/mail/mail/1.4.7/mail-1.4.7.jar:/Users/tbuchanan/.m2/repository/com/overstock/arch/DbFramework/3.1/DbFramework-3.1.jar:/Users/tbuchanan/.m2/repository/org/hibernate/hibernate-entitymanager/3.6.10.Final/hibernate-entitymanager-3.6.10.Final.jar:/Users/tbuchanan/.m2/repository/com/oracle/ojdbc6/11.2.0.4/ojdbc6-11.2.0.4.jar:/Users/tbuchanan/.m2/repository/com/oracle/ucp/11.2.0.4/ucp-11.2.0.4.jar:/Users/tbuchanan/.m2/repository/com/overstock/arch/ServiceUsageTracker-client/2.3/ServiceUsageTracker-client-2.3.jar:/Users/tbuchanan/.m2/repository/com/netflix/hystrix/hystrix-core/1.4.0/hystrix-core-1.4.0.jar:/Users/tbuchanan/.m2/repository/com/netflix/archaius/archaius-core/0.4.1/archaius-core-0.4.1.jar:/Users/tbuchanan/.m2/repository/io/reactivex/rxjava/1.0.8/rxjava-1.0.8.jar:/Users/tbuchanan/.m2/repository/com/overstock/arch/ServiceUsageTracker-common/2.3/ServiceUsageTracker-common-2.3.jar:/Users/tbuchanan/.m2/repository/commons-configuration/commons-configuration/1.4/commons-configuration-1.4.jar:/Users/tbuchanan/.m2/repository/com/beust/jcommander/1.27/jcommander-1.27.jar:/Users/tbuchanan/.m2/repository/org/springframework/spring-tx/3.2.4.RELEASE/spring-tx-3.2.4.RELEASE.jar:/Users/tbuchanan/.m2/repository/com/overstock/arch/JavaFramework/5.3/JavaFramework-5.3.jar:/Users/tbuchanan/.m2/repository/net/sf/ehcache/ehcache-core/2.5.3/ehcache-core-2.5.3.jar:/Users/tbuchanan/.m2/repository/com/lmax/disruptor/3.3.2/disruptor-3.3.2.jar:/Users/tbuchanan/.m2/repository/com/googlecode/json-simple/json-simple/1.1.1/json-simple-1.1.1.jar:/Users/tbuchanan/.m2/repository/org/openjdk/jol/jol-core/0.5/jol-core-0.5.jar:/Users/tbuchanan/.m2/repository/com/overstock/arch/address-model/2.3/address-model-2.3.jar:/Users/tbuchanan/.m2/repository/org/hibernate/hibernate-core/3.6.10.Final/hibernate-core-3.6.10.Final.jar:/Users/tbuchanan/.m2/repository/antlr/antlr/2.7.6/antlr-2.7.6.jar:/Users/tbuchanan/.m2/repository/dom4j/dom4j/1.6.1/dom4j-1.6.1.jar:/Users/tbuchanan/.m2/repository/org/hibernate/hibernate-commons-annotations/3.2.0.Final/hibernate-commons-annotations-3.2.0.Final.jar:/Users/tbuchanan/.m2/repository/javax/transaction/jta/1.1/jta-1.1.jar:/Users/tbuchanan/.m2/repository/org/pojomatic/pojomatic/1.0/pojomatic-1.0.jar:/Users/tbuchanan/.m2/repository/org/hibernate/javax/persistence/hibernate-jpa-2.0-api/1.0.1.Final/hibernate-jpa-2.0-api-1.0.1.Final.jar:/Users/tbuchanan/.m2/repository/org/glassfish/jersey/core/jersey-client/2.22.2/jersey-client-2.22.2.jar:/Users/tbuchanan/.m2/repository/javax/ws/rs/javax.ws.rs-api/2.0.1/javax.ws.rs-api-2.0.1.jar:/Users/tbuchanan/.m2/repository/com/overstock/arch/value-types/2.0/value-types-2.0.jar:/Users/tbuchanan/.m2/repository/com/infradna/tool/bridge-method-annotation/1.4/bridge-method-annotation-1.4.jar:/Users/tbuchanan/.m2/repository/org/jvnet/hudson/annotation-indexer/1.2/annotation-indexer-1.2.jar:/Users/tbuchanan/.m2/repository/com/overstock/webdev/test/EnvirOmatic-client/1.11/EnvirOmatic-client-1.11.jar:/Users/tbuchanan/.m2/repository/com/overstock/arch/jaxrsCommon/3.4.1/jaxrsCommon-3.4.1.jar:/Users/tbuchanan/.m2/repository/com/overstock/arch/jaxrsClient/3.4.1/jaxrsClient-3.4.1.jar:/Users/tbuchanan/.m2/repository/org/glassfish/jersey/ext/rx/jersey-rx-client-rxjava/2.22.1/jersey-rx-client-rxjava-2.22.1.jar:/Users/tbuchanan/.m2/repository/org/glassfish/jersey/ext/rx/jersey-rx-client/2.22.1/jersey-rx-client-2.22.1.jar:/Users/tbuchanan/.m2/repository/org/glassfish/jersey/connectors/jersey-apache-connector/2.22.1/jersey-apache-connector-2.22.1.jar:/Users/tbuchanan/.m2/repository/com/overstock/arch/apache-httpclient4-support/1.0/apache-httpclient4-support-1.0.jar:/Users/tbuchanan/.m2/repository/org/glassfish/jersey/media/jersey-media-json-jackson/2.8/jersey-media-json-jackson-2.8.jar:/Users/tbuchanan/.m2/repository/org/codehaus/jackson/jackson-core-asl/1.9.13/jackson-core-asl-1.9.13.jar:/Users/tbuchanan/.m2/repository/org/codehaus/jackson/jackson-jaxrs/1.9.13/jackson-jaxrs-1.9.13.jar:/Users/tbuchanan/.m2/repository/org/codehaus/jackson/jackson-xc/1.9.13/jackson-xc-1.9.13.jar:/Users/tbuchanan/.m2/repository/com/overstock/webdev/test/EnvirOmatic-common/1.11/EnvirOmatic-common-1.11.jar:/Users/tbuchanan/.m2/repository/commons-lang/commons-lang/2.3/commons-lang-2.3.jar:/Users/tbuchanan/.m2/repository/com/overstock/util/TestData-client/1.12/TestData-client-1.12.jar:/Users/tbuchanan/.m2/repository/com/overstock/util/TestData-common/1.12/TestData-common-1.12.jar:/Users/tbuchanan/.m2/repository/com/overstock/webdev/shoppingCore/2.86/shoppingCore-2.86.jar:/Users/tbuchanan/.m2/repository/com/overstock/clubo/ClubOCommon/1.33/ClubOCommon-1.33.jar:/Users/tbuchanan/.m2/repository/com/overstock/csnotes/csnotes-client/1.0.29/csnotes-client-1.0.29.jar:/Users/tbuchanan/.m2/repository/com/overstock/csnotes/csnotes-bind/1.0.29/csnotes-bind-1.0.29.jar:/Users/tbuchanan/.m2/repository/com/jayway/restassured/json-schema-validator/2.9.0/json-schema-validator-2.9.0.jar:/Users/tbuchanan/.m2/repository/com/github/fge/json-schema-validator/2.2.6/json-schema-validator-2.2.6.jar:/Users/tbuchanan/.m2/repository/com/googlecode/libphonenumber/libphonenumber/6.2/libphonenumber-6.2.jar:/Users/tbuchanan/.m2/repository/com/github/fge/json-schema-core/1.2.5/json-schema-core-1.2.5.jar:/Users/tbuchanan/.m2/repository/com/github/fge/uri-template/0.9/uri-template-0.9.jar:/Users/tbuchanan/.m2/repository/com/github/fge/msg-simple/1.1/msg-simple-1.1.jar:/Users/tbuchanan/.m2/repository/com/github/fge/btf/1.2/btf-1.2.jar:/Users/tbuchanan/.m2/repository/com/github/fge/jackson-coreutils/1.8/jackson-coreutils-1.8.jar:/Users/tbuchanan/.m2/repository/org/mozilla/rhino/1.7R4/rhino-1.7R4.jar:/Users/tbuchanan/.m2/repository/net/sf/jopt-simple/jopt-simple/4.6/jopt-simple-4.6.jar:/Users/tbuchanan/.m2/repository/com/overstock/webdev/WebDb/3.0/WebDb-3.0.jar:/Users/tbuchanan/.m2/repository/com/overstock/webdev/DbCore/3.0/DbCore-3.0.jar:/Users/tbuchanan/.m2/repository/com/overstock/arch/DbFrameworkSpringSupport/3.1/DbFrameworkSpringSupport-3.1.jar:/Users/tbuchanan/.m2/repository/com/overstock/arch/manifestable-annotation/1.9/manifestable-annotation-1.9.jar:/Users/tbuchanan/.m2/repository/com/overstock/arch/manifestable-annotation-reader/1.9/manifestable-annotation-reader-1.9.jar:/Users/tbuchanan/.m2/repository/com/overstock/arch/ostk-spring-xmlconfig-support/1.0/ostk-spring-xmlconfig-support-1.0.jar:/Users/tbuchanan/.m2/repository/org/springframework/spring-beans/4.0.3.RELEASE/spring-beans-4.0.3.RELEASE.jar:/Users/tbuchanan/.m2/repository/org/springframework/spring-core/4.0.3.RELEASE/spring-core-4.0.3.RELEASE.jar:/Users/tbuchanan/.m2/repository/org/springframework/spring-context-support/4.0.3.RELEASE/spring-context-support-4.0.3.RELEASE.jar:/Users/tbuchanan/.m2/repository/org/springframework/spring-context/4.0.3.RELEASE/spring-context-4.0.3.RELEASE.jar:/Users/tbuchanan/.m2/repository/org/springframework/spring-aop/4.0.3.RELEASE/spring-aop-4.0.3.RELEASE.jar:/Users/tbuchanan/.m2/repository/org/springframework/spring-expression/4.0.3.RELEASE/spring-expression-4.0.3.RELEASE.jar:/Users/tbuchanan/.m2/repository/org/springframework/spring-jdbc/4.0.3.RELEASE/spring-jdbc-4.0.3.RELEASE.jar:/Users/tbuchanan/.m2/repository/org/springframework/spring-orm/4.0.3.RELEASE/spring-orm-4.0.3.RELEASE.jar:/Users/tbuchanan/.m2/repository/javax/inject/javax.inject/1/javax.inject-1.jar:/Users/tbuchanan/.m2/repository/org/springframework/data/spring-data-jpa/1.8.0.RELEASE/spring-data-jpa-1.8.0.RELEASE.jar:/Users/tbuchanan/.m2/repository/org/springframework/data/spring-data-commons/1.10.0.RELEASE/spring-data-commons-1.10.0.RELEASE.jar:/Users/tbuchanan/.m2/repository/com/overstock/webdev/WebDbTestUtils/3.0/WebDbTestUtils-3.0.jar:/Users/tbuchanan/.m2/repository/org/springframework/spring-test/4.0.3.RELEASE/spring-test-4.0.3.RELEASE.jar:/Users/tbuchanan/.m2/repository/com/overstock/webdev/DbCore/3.0/DbCore-3.0-tests.jar:/Users/tbuchanan/.m2/repository/com/overstock/arch/DbFrameworkTestUtils/3.1/DbFrameworkTestUtils-3.1.jar:/Users/tbuchanan/.m2/repository/hsqldb/hsqldb/1.8.0.9/hsqldb-1.8.0.9.jar:/Users/tbuchanan/.m2/repository/com/overstock/ta/desktop-db-client/1.14/desktop-db-client-1.14.jar:/Users/tbuchanan/.m2/repository/com/overstock/webdev/test/ShoppingSitePages/trunk-SNAPSHOT/ShoppingSitePages-trunk-SNAPSHOT.jar:/Users/tbuchanan/.m2/repository/com/overstock/arch/web-automation-framework/4.0-RC2/web-automation-framework-4.0-RC2.jar:/Users/tbuchanan/.m2/repository/com/overstock/arch/automation-dns-provider/4.0-RC2/automation-dns-provider-4.0-RC2.jar:/Users/tbuchanan/.m2/repository/dnsjava/dnsjava/2.1.7/dnsjava-2.1.7.jar:/Users/tbuchanan/.m2/repository/commons-net/commons-net/2.2/commons-net-2.2.jar:/Users/tbuchanan/.m2/repository/org/seleniumhq/selenium/selenium-iphone-driver/2.39.0/selenium-iphone-driver-2.39.0.jar:/Users/tbuchanan/.m2/repository/org/seleniumhq/selenium/lift/3.8.0/lift-3.8.0.jar:/Users/tbuchanan/.m2/repository/com/overstock/arch/web-automation-common/4.0-RC2/web-automation-common-4.0-RC2.jar:/Users/tbuchanan/.m2/repository/org/littleshoot/littleproxy/1.1.3-ostk/littleproxy-1.1.3-ostk.jar:/Users/tbuchanan/.m2/repository/io/netty/netty-all/4.0.44.Final/netty-all-4.0.44.Final.jar:/Users/tbuchanan/.m2/repository/com/barchart/udt/barchart-udt-bundle/2.3.0/barchart-udt-bundle-2.3.0.jar:/Users/tbuchanan/.m2/repository/com/overstock/arch/selenium-chrome-support/4.0-RC2/selenium-chrome-support-4.0-RC2.jar:/Users/tbuchanan/.m2/repository/com/overstock/arch/selenium-phantomjs-support/4.0-RC2/selenium-phantomjs-support-4.0-RC2.jar:/Users/tbuchanan/.m2/repository/com/overstock/arch/easynum/1.0/easynum-1.0.jar:/Users/tbuchanan/.m2/repository/com/overstock/arch/legacy-jersey-support/3.2/legacy-jersey-support-3.2.jar:/Users/tbuchanan/.m2/repository/com/sun/jersey/jersey-core/1.18.1-nodeps/jersey-core-1.18.1-nodeps.jar:/Users/tbuchanan/.m2/repository/com/overstock/util/TestData-remote-config-resolver/1.12/TestData-remote-config-resolver-1.12.jar:/Users/tbuchanan/.m2/repository/com/overstock/arch/web-automation-ephemeral-configuration/4.0-RC2/web-automation-ephemeral-configuration-4.0-RC2.jar:/Users/tbuchanan/.m2/repository/com/overstock/arch/ostk-teams/1.4/ostk-teams-1.4.jar:/Users/tbuchanan/.m2/repository/org/seleniumhq/selenium/selenium-api/3.14.0/selenium-api-3.14.0.jar:/Users/tbuchanan/.m2/repository/org/testng/testng/6.9.13.6/testng-6.9.13.6.jar:/Users/tbuchanan/.m2/repository/org/beanshell/bsh/2.0b4/bsh-2.0b4.jar:/Users/tbuchanan/.m2/repository/org/apache/httpcomponents/httpcore/4.4.10/httpcore-4.4.10.jar:/Users/tbuchanan/.m2/repository/com/overstock/webdev/test/ShoppingSitePagesDTO/trunk-SNAPSHOT/ShoppingSitePagesDTO-trunk-SNAPSHOT.jar:/Users/tbuchanan/.m2/repository/com/overstock/webdev/test/CASAutomationIntegration/trunk-SNAPSHOT/CASAutomationIntegration-trunk-SNAPSHOT.jar:/Users/tbuchanan/.m2/repository/com/fasterxml/jackson/jaxrs/jackson-jaxrs-json-provider/2.8.5/jackson-jaxrs-json-provider-2.8.5.jar:/Users/tbuchanan/.m2/repository/com/fasterxml/jackson/jaxrs/jackson-jaxrs-base/2.8.5/jackson-jaxrs-base-2.8.5.jar:/Users/tbuchanan/.m2/repository/com/fasterxml/jackson/core/jackson-core/2.8.5/jackson-core-2.8.5.jar:/Users/tbuchanan/.m2/repository/com/overstock/clubo/ClubOServiceTesting-Common/1.0-SNAPSHOT/ClubOServiceTesting-Common-1.0-SNAPSHOT.jar:/Users/tbuchanan/.m2/repository/javax/money/money-api/1.0.1/money-api-1.0.1.jar:/Users/tbuchanan/.m2/repository/com/overstock/webdev/test/IMWSAutomationIntegration/0.0.18/IMWSAutomationIntegration-0.0.18.jar:/Users/tbuchanan/.m2/repository/com/overstock/InventoryManagement-api-client/3.72/InventoryManagement-api-client-3.72.jar:/Users/tbuchanan/.m2/repository/com/overstock/InventoryManagement-utils/3.72/InventoryManagement-utils-3.72.jar:/Users/tbuchanan/.m2/repository/com/overstock/InventoryManagement-api-common/3.72/InventoryManagement-api-common-3.72.jar:/Users/tbuchanan/.m2/repository/com/overstock/webdev/ReviewsApi-client/1.68/ReviewsApi-client-1.68.jar:/Users/tbuchanan/.m2/repository/com/overstock/webdev/ReviewsApi-common/1.68/ReviewsApi-common-1.68.jar:/Users/tbuchanan/.m2/repository/com/overstock/product/SupplierProductImageConsumer-Common/1.5/SupplierProductImageConsumer-Common-1.5.jar:/Users/tbuchanan/.m2/repository/javax/jms/jms-api/1.1-rev-1/jms-api-1.1-rev-1.jar:/Users/tbuchanan/.m2/repository/org/glassfish/jersey/media/jersey-media-multipart/2.27/jersey-media-multipart-2.27.jar:/Users/tbuchanan/.m2/repository/org/glassfish/jersey/inject/jersey-hk2/2.27/jersey-hk2-2.27.jar:/Users/tbuchanan/.m2/repository/com/overstock/webdev/rest/common/rest-common-server-model/1.2.3/rest-common-server-model-1.2.3.jar:/Users/tbuchanan/.m2/repository/com/overstock/webdev/rest/common/rest-common-client-model/1.2.3/rest-common-client-model-1.2.3.jar:/Users/tbuchanan/.m2/repository/org/javamoney/moneta/1.1/moneta-1.1.jar:/Users/tbuchanan/.m2/repository/javax/annotation/javax.annotation-api/1.2/javax.annotation-api-1.2.jar:/Users/tbuchanan/.m2/repository/com/overstock/clubo/ClubOMessagingService-common/1.1.1/ClubOMessagingService-common-1.1.1.jar:/Users/tbuchanan/.m2/repository/com/overstock/clubo/ClubOMessagingService-client/1.1.1/ClubOMessagingService-client-1.1.1.jar:/Users/tbuchanan/.m2/repository/com/overstock/arch/retrofit-shadow/1.4/retrofit-shadow-1.4.jar:/Users/tbuchanan/.m2/repository/com/overstock/arch/service-registry-spring-cloud/1.2/service-registry-spring-cloud-1.2.jar:/Users/tbuchanan/.m2/repository/org/springframework/cloud/spring-cloud-netflix-eureka-client/1.1.5.RELEASE/spring-cloud-netflix-eureka-client-1.1.5.RELEASE.jar:/Users/tbuchanan/.m2/repository/org/springframework/cloud/spring-cloud-netflix-core/1.1.5.RELEASE/spring-cloud-netflix-core-1.1.5.RELEASE.jar:/Users/tbuchanan/.m2/repository/org/springframework/cloud/spring-cloud-commons/1.1.1.RELEASE/spring-cloud-commons-1.1.1.RELEASE.jar:/Users/tbuchanan/.m2/repository/org/springframework/security/spring-security-crypto/4.0.4.RELEASE/spring-security-crypto-4.0.4.RELEASE.jar:/Users/tbuchanan/.m2/repository/com/netflix/ribbon/ribbon-eureka/2.2.0/ribbon-eureka-2.2.0.jar:/Users/tbuchanan/.m2/repository/com/netflix/ribbon/ribbon-core/2.2.0/ribbon-core-2.2.0.jar:/Users/tbuchanan/.m2/repository/com/netflix/ribbon/ribbon-loadbalancer/2.2.0/ribbon-loadbalancer-2.2.0.jar:/Users/tbuchanan/.m2/repository/com/netflix/netflix-commons/netflix-statistics/0.1.1/netflix-statistics-0.1.1.jar:/Users/tbuchanan/.m2/repository/com/netflix/netflix-commons/netflix-commons-util/0.1.1/netflix-commons-util-0.1.1.jar:/Users/tbuchanan/.m2/repository/org/springframework/cloud/spring-cloud-starter-ribbon/1.1.5.RELEASE/spring-cloud-starter-ribbon-1.1.5.RELEASE.jar:/Users/tbuchanan/.m2/repository/org/springframework/cloud/spring-cloud-starter/1.1.1.RELEASE/spring-cloud-starter-1.1.1.RELEASE.jar:/Users/tbuchanan/.m2/repository/org/springframework/boot/spring-boot-starter/1.3.5.RELEASE/spring-boot-starter-1.3.5.RELEASE.jar:/Users/tbuchanan/.m2/repository/org/springframework/boot/spring-boot-starter-logging/1.3.5.RELEASE/spring-boot-starter-logging-1.3.5.RELEASE.jar:/Users/tbuchanan/.m2/repository/org/slf4j/jul-to-slf4j/1.7.21/jul-to-slf4j-1.7.21.jar:/Users/tbuchanan/.m2/repository/org/springframework/cloud/spring-cloud-context/1.1.1.RELEASE/spring-cloud-context-1.1.1.RELEASE.jar:/Users/tbuchanan/.m2/repository/org/springframework/security/spring-security-rsa/1.0.1.RELEASE/spring-security-rsa-1.0.1.RELEASE.jar:/Users/tbuchanan/.m2/repository/org/springframework/cloud/spring-cloud-starter-archaius/1.1.5.RELEASE/spring-cloud-starter-archaius-1.1.5.RELEASE.jar:/Users/tbuchanan/.m2/repository/com/netflix/ribbon/ribbon/2.2.0/ribbon-2.2.0.jar:/Users/tbuchanan/.m2/repository/com/netflix/ribbon/ribbon-transport/2.2.0/ribbon-transport-2.2.0.jar:/Users/tbuchanan/.m2/repository/io/reactivex/rxnetty-contexts/0.4.9/rxnetty-contexts-0.4.9.jar:/Users/tbuchanan/.m2/repository/io/reactivex/rxnetty-servo/0.4.9/rxnetty-servo-0.4.9.jar:/Users/tbuchanan/.m2/repository/io/reactivex/rxnetty/0.4.9/rxnetty-0.4.9.jar:/Users/tbuchanan/.m2/repository/com/netflix/ribbon/ribbon-httpclient/2.2.0/ribbon-httpclient-2.2.0.jar:/Users/tbuchanan/.m2/repository/com/squareup/retrofit2/retrofit/2.2.0/retrofit-2.2.0.jar:/Users/tbuchanan/.m2/repository/com/squareup/retrofit2/adapter-rxjava/2.2.0/adapter-rxjava-2.2.0.jar:/Users/tbuchanan/.m2/repository/com/squareup/retrofit2/converter-jackson/2.2.0/converter-jackson-2.2.0.jar:/Users/tbuchanan/.m2/repository/org/springframework/boot/spring-boot-autoconfigure/1.3.5.RELEASE/spring-boot-autoconfigure-1.3.5.RELEASE.jar:/Users/tbuchanan/.m2/repository/com/netflix/eureka/eureka-client/1.4.10/eureka-client-1.4.10.jar:/Users/tbuchanan/.m2/repository/com/netflix/netflix-commons/netflix-eventbus/0.3.0/netflix-eventbus-0.3.0.jar:/Users/tbuchanan/.m2/repository/com/netflix/netflix-commons/netflix-infix/0.3.0/netflix-infix-0.3.0.jar:/Users/tbuchanan/.m2/repository/org/antlr/antlr-runtime/3.4/antlr-runtime-3.4.jar:/Users/tbuchanan/.m2/repository/org/antlr/stringtemplate/3.2.1/stringtemplate-3.2.1.jar:/Users/tbuchanan/.m2/repository/org/apache/commons/commons-math/2.2/commons-math-2.2.jar:/Users/tbuchanan/.m2/repository/com/netflix/servo/servo-core/0.10.1/servo-core-0.10.1.jar:/Users/tbuchanan/.m2/repository/com/netflix/servo/servo-internal/0.10.1/servo-internal-0.10.1.jar:/Users/tbuchanan/.m2/repository/com/sun/jersey/contribs/jersey-apache-client4/1.19/jersey-apache-client4-1.19.jar:/Users/tbuchanan/.m2/repository/com/netflix/governator/governator-api/1.12.10/governator-api-1.12.10.jar:/Users/tbuchanan/.m2/repository/org/springframework/boot/spring-boot/1.3.5.RELEASE/spring-boot-1.3.5.RELEASE.jar:/Users/tbuchanan/.m2/repository/com/overstock/clubo/ClubOService-client/1.86.1/ClubOService-client-1.86.1.jar:/Users/tbuchanan/.m2/repository/com/sun/jersey/jersey-json/1.18.3/jersey-json-1.18.3.jar:/Users/tbuchanan/.m2/repository/org/codehaus/jettison/jettison/1.1/jettison-1.1.jar:/Users/tbuchanan/.m2/repository/com/sun/xml/bind/jaxb-impl/2.2.3-1/jaxb-impl-2.2.3-1.jar:/Users/tbuchanan/.m2/repository/com/overstock/clubo/IPSEventProcessor-producer/1.01/IPSEventProcessor-producer-1.01.jar:/Users/tbuchanan/.m2/repository/com/overstock/clubo/IPSEventProcessor-common/1.01/IPSEventProcessor-common-1.01.jar:/Users/tbuchanan/.m2/repository/com/overstock/finance/ipsws-client/2.69.1/ipsws-client-2.69.1.jar:/Users/tbuchanan/.m2/repository/com/overstock/finance/credit-model/2.14/credit-model-2.14.jar:/Users/tbuchanan/.m2/repository/com/overstock/finance/credit-common/2.14/credit-common-2.14.jar:/Users/tbuchanan/.m2/repository/com/overstock/xps-common/XPS-common/1.050/XPS-common-1.050.jar:/Users/tbuchanan/.m2/repository/org/bouncycastle/bcpkix-jdk15on/1.53/bcpkix-jdk15on-1.53.jar:/Users/tbuchanan/.m2/repository/org/bouncycastle/bcprov-jdk15on/1.53/bcprov-jdk15on-1.53.jar:/Users/tbuchanan/.m2/repository/com/overstock/arch/jaxrsServerFramework/3.4.1/jaxrsServerFramework-3.4.1.jar:/Users/tbuchanan/.m2/repository/com/overstock/xs-common/XS-common-validation/1.3/XS-common-validation-1.3.jar:/Users/tbuchanan/.m2/repository/com/overstock/logging/logging-facade/1.3/logging-facade-1.3.jar:/Users/tbuchanan/.m2/repository/org/junit/jupiter/junit-jupiter-api/5.0.0-M4/junit-jupiter-api-5.0.0-M4.jar:/Users/tbuchanan/.m2/repository/org/opentest4j/opentest4j/1.0.0-M2/opentest4j-1.0.0-M2.jar:/Users/tbuchanan/.m2/repository/org/junit/platform/junit-platform-commons/1.0.0-M4/junit-platform-commons-1.0.0-M4.jar:/Users/tbuchanan/.m2/repository/org/junit/platform/junit-platform-runner/1.0.0-M4/junit-platform-runner-1.0.0-M4.jar:/Users/tbuchanan/.m2/repository/org/junit/platform/junit-platform-launcher/1.0.0-M4/junit-platform-launcher-1.0.0-M4.jar:/Users/tbuchanan/.m2/repository/org/junit/platform/junit-platform-suite-api/1.0.0-M4/junit-platform-suite-api-1.0.0-M4.jar:/Users/tbuchanan/.m2/repository/org/junit/vintage/junit-vintage-engine/4.12.0-M4/junit-vintage-engine-4.12.0-M4.jar:/Users/tbuchanan/.m2/repository/org/junit/platform/junit-platform-engine/1.0.0-M4/junit-platform-engine-1.0.0-M4.jar:/Users/tbuchanan/.m2/repository/org/junit/jupiter/junit-jupiter-engine/5.0.0-M4/junit-jupiter-engine-5.0.0-M4.jar:/Users/tbuchanan/.m2/repository/com/overstock/xps-common/XPS-bind/1.050/XPS-bind-1.050.jar:/Users/tbuchanan/.m2/repository/com/overstock/xps/XPS-creditcard-bind/1.058/XPS-creditcard-bind-1.058.jar:/Users/tbuchanan/.m2/repository/com/overstock/xps/XPS-creditcard-client/1.058/XPS-creditcard-client-1.058.jar:/Users/tbuchanan/.m2/repository/com/overstock/xps/XPS-vault-bind/1.011/XPS-vault-bind-1.011.jar:/Users/tbuchanan/.m2/repository/com/overstock/xps/XPS-vault-wire-client/1.011/XPS-vault-wire-client-1.011.jar:/Users/tbuchanan/.m2/repository/org/glassfish/jersey/media/jersey-media-jaxb/2.22.1/jersey-media-jaxb-2.22.1.jar:/Users/tbuchanan/.m2/repository/com/overstock/webdev/ShoppingOrderManager-bind/3.9.0/ShoppingOrderManager-bind-3.9.0.jar:/Users/tbuchanan/.m2/repository/com/overstock/webdev/AuthCapture-model/2.117/AuthCapture-model-2.117.jar:/Users/tbuchanan/.m2/repository/com/overstock/thirdpartypaymentmanager/ThirdPartyPaymentManager-client/3.9.5.8/ThirdPartyPaymentManager-client-3.9.5.8.jar:/Users/tbuchanan/.m2/repository/com/overstock/thirdpartypaymentmanager/ThirdPartyPaymentManager-bind/3.9.5.8/ThirdPartyPaymentManager-bind-3.9.5.8.jar:/Users/tbuchanan/.m2/repository/com/overstock/thirdpartypaymentmanager/ThirdPartyPaymentManager-encrypt/3.9.5.8/ThirdPartyPaymentManager-encrypt-3.9.5.8.jar:/Users/tbuchanan/.m2/repository/com/overstock/InventoryManagement-client/2.85/InventoryManagement-client-2.85.jar:/Users/tbuchanan/.m2/repository/com/overstock/InventoryManagement-common/2.85/InventoryManagement-common-2.85.jar:/Users/tbuchanan/.m2/repository/com/overstock/InventoryManagement-common-jms/2.85/InventoryManagement-common-jms-2.85.jar:/Users/tbuchanan/.m2/repository/com/overstock/arch/jaxrs-kryo-provider/0.4/jaxrs-kryo-provider-0.4.jar:/Users/tbuchanan/.m2/repository/com/esotericsoftware/kryo/kryo/2.22/kryo-2.22.jar:/Users/tbuchanan/.m2/repository/com/overstock/webdev/shoppingOrderModel/3.107/shoppingOrderModel-3.107.jar:/Users/tbuchanan/.m2/repository/com/overstock/arch/guava-cache-utils/1.0/guava-cache-utils-1.0.jar:/Users/tbuchanan/.m2/repository/com/fasterxml/jackson/datatype/jackson-datatype-joda/2.6.3/jackson-datatype-joda-2.6.3.jar:/Users/tbuchanan/.m2/repository/com/fasterxml/jackson/datatype/jackson-datatype-guava/2.6.3/jackson-datatype-guava-2.6.3.jar:/Users/tbuchanan/.m2/repository/com/fasterxml/jackson/datatype/jackson-datatype-jdk8/2.6.3/jackson-datatype-jdk8-2.6.3.jar:/Users/tbuchanan/.m2/repository/com/overstock/webdev/DiscountService-bind/0.28/DiscountService-bind-0.28.jar:/Users/tbuchanan/.m2/repository/com/overstock/automation/som-automation-framework/3.4/som-automation-framework-3.4.jar:/Users/tbuchanan/.m2/repository/com/overstock/automation/ros-automation-framework/3.2/ros-automation-framework-3.2.jar:/Users/tbuchanan/.m2/repository/com/overstock/core/RetailOrderService-client/1.27/RetailOrderService-client-1.27.jar:/Users/tbuchanan/.m2/repository/com/overstock/core/RetailOrderService-common/1.27/RetailOrderService-common-1.27.jar:/Users/tbuchanan/.m2/repository/com/overstock/core/PostBookRequestEvent-common/1.25/PostBookRequestEvent-common-1.25.jar:/Users/tbuchanan/.m2/repository/com/overstock/webdev/OrderViewer-client/1.021/OrderViewer-client-1.021.jar:/Users/tbuchanan/.m2/repository/com/overstock/webdev/OrderViewer-common/1.021/OrderViewer-common-1.021.jar:/Users/tbuchanan/.m2/repository/com/overstock/webdev/ShoppingOrderManager-client/3.8.0/ShoppingOrderManager-client-3.8.0.jar:/Users/tbuchanan/.m2/repository/com/overstock/ordermanager/FulfillmentOrderManager-client/2.58/FulfillmentOrderManager-client-2.58.jar:/Users/tbuchanan/.m2/repository/com/overstock/ordermanager/FulfillmentOrderManager-bind/2.58/FulfillmentOrderManager-bind-2.58.jar:/Users/tbuchanan/.m2/repository/com/overstock/webdev/bundlediscount/BundleDiscountService/1.0.35/BundleDiscountService-1.0.35.jar:/Users/tbuchanan/.m2/repository/com/overstock/webdev/recommendations/RecommendationServices/1.0.5/RecommendationServices-1.0.5.jar:/Users/tbuchanan/.m2/repository/com/overstock/xps/XPS-bitcoin-client/1.32/XPS-bitcoin-client-1.32.jar:/Users/tbuchanan/.m2/repository/com/overstock/xps/XPS-bitcoin-bind/1.32/XPS-bitcoin-bind-1.32.jar:/Users/tbuchanan/.m2/repository/com/overstock/sourcingws/sourcingws-client/1.146/sourcingws-client-1.146.jar:/Users/tbuchanan/.m2/repository/com/overstock/sourcingws/sourcingws-common/1.146/sourcingws-common-1.146.jar:/Users/tbuchanan/.m2/repository/com/overstock/sitesalews/SiteSaleWS-client/1.6/SiteSaleWS-client-1.6.jar:/Users/tbuchanan/.m2/repository/com/overstock/sitesalews/SiteSaleWS-common/1.6/SiteSaleWS-common-1.6.jar:/Users/tbuchanan/.m2/repository/com/overstock/ProductModel/3.24/ProductModel-3.24.jar:/Users/tbuchanan/.m2/repository/com/overstock/xps/XPS-klarna-client/1.32/XPS-klarna-client-1.32.jar:/Users/tbuchanan/.m2/repository/com/overstock/xps/XPS-klarna-bind/1.32/XPS-klarna-bind-1.32.jar:/Users/tbuchanan/.m2/repository/com/overstock/xps/XPS-api-klarna/1.32/XPS-api-klarna-1.32.jar:/Users/tbuchanan/.m2/repository/com/overstock/xps/XPS-api-klarna-bind/1.32/XPS-api-klarna-bind-1.32.jar:/Users/tbuchanan/.m2/repository/com/overstock/xps/XPS-applepay-client/1.5/XPS-applepay-client-1.5.jar:/Users/tbuchanan/.m2/repository/com/overstock/xps/XPS-vault-client-service/1.001/XPS-vault-client-service-1.001.jar:/Users/tbuchanan/.m2/repository/com/overstock/xps/XPS-applepay-bind/1.5/XPS-applepay-bind-1.5.jar:/Users/tbuchanan/.m2/repository/com/overstock/xps/XPS-androidpay-crypto/1.003.3/XPS-androidpay-crypto-1.003.3-tests.jar:/Users/tbuchanan/.m2/repository/com/overstock/xps/XPS-androidpay-crypto/1.003.3/XPS-androidpay-crypto-1.003.3.jar:/Users/tbuchanan/.m2/repository/com/overstock/xps/XPS-androidpay-client/1.003.3/XPS-androidpay-client-1.003.3.jar:/Users/tbuchanan/.m2/repository/com/overstock/xps/XPS-androidpay-bind/1.003.3/XPS-androidpay-bind-1.003.3.jar:/Users/tbuchanan/.m2/repository/com/overstock/webdev/ShoppingOrderManagerCommon/1.0/ShoppingOrderManagerCommon-1.0.jar:/Users/tbuchanan/.m2/repository/com/overstock/webdev/e4x/E4XShopping/1.100/E4XShopping-1.100.jar:/Users/tbuchanan/.m2/repository/com/overstock/webdev/e4x/E4xWebServiceClient/1.8/E4xWebServiceClient-1.8.jar:/Users/tbuchanan/.m2/repository/com/sun/xml/ws/jaxws-rt/2.1.3/jaxws-rt-2.1.3.jar:/Users/tbuchanan/.m2/repository/javax/xml/ws/jaxws-api/2.1/jaxws-api-2.1.jar:/Users/tbuchanan/.m2/repository/com/sun/xml/messaging/saaj/saaj-impl/1.3/saaj-impl-1.3.jar:/Users/tbuchanan/.m2/repository/javax/xml/soap/saaj-api/1.3/saaj-api-1.3.jar:/Users/tbuchanan/.m2/repository/com/sun/xml/stream/buffer/streambuffer/0.7/streambuffer-0.7.jar:/Users/tbuchanan/.m2/repository/com/sun/xml/stream/sjsxp/1.0/sjsxp-1.0.jar:/Users/tbuchanan/.m2/repository/org/jvnet/staxex/stax-ex/1.2/stax-ex-1.2.jar:/Users/tbuchanan/.m2/repository/com/sun/org/apache/xml/internal/resolver/20050927/resolver-20050927.jar:/Users/tbuchanan/.m2/repository/org/jvnet/mimepull/1.1/mimepull-1.1.jar:/Users/tbuchanan/.m2/repository/com/overstock/webdev/E4xIpDataFileGenerator-reader/1.8.2/E4xIpDataFileGenerator-reader-1.8.2.jar:/Users/tbuchanan/.m2/repository/com/overstock/webdev/E4xIpDataFileGenerator-model/1.8.2/E4xIpDataFileGenerator-model-1.8.2.jar:/Users/tbuchanan/.m2/repository/com/overstock/merch/OutboundShippingCalculator-client/1.27/OutboundShippingCalculator-client-1.27.jar:/Users/tbuchanan/.m2/repository/com/overstock/merch/OutboundShippingCalculator-bind/1.27/OutboundShippingCalculator-bind-1.27.jar:/Users/tbuchanan/.m2/repository/com/overstock/merch/OutboundShippingCalculator-common/1.27/OutboundShippingCalculator-common-1.27.jar:/Users/tbuchanan/.m2/repository/org/mock-server/mockserver-netty/3.9.15/mockserver-netty-3.9.15.jar:/Users/tbuchanan/.m2/repository/org/mock-server/mockserver-client-java/3.9.15/mockserver-client-java-3.9.15.jar:/Users/tbuchanan/.m2/repository/org/mock-server/mockserver-core/3.9.15/mockserver-core-3.9.15.jar:/Users/tbuchanan/.m2/repository/org/skyscreamer/jsonassert/1.2.3/jsonassert-1.2.3.jar:/Users/tbuchanan/.m2/repository/janino/janino/2.5.10/janino-2.5.10.jar:/Users/tbuchanan/.m2/repository/org/mock-server/mockserver-logging/3.9.15/mockserver-logging-3.9.15.jar:/Users/tbuchanan/.m2/repository/com/overstock/payment/ostk-internal-payment-token/1.0/ostk-internal-payment-token-1.0.jar:/Users/tbuchanan/.m2/repository/com/fasterxml/jackson/datatype/jackson-datatype-jsr310/2.6.3/jackson-datatype-jsr310-2.6.3.jar:/Users/tbuchanan/.m2/repository/com/overstock/arch/ostk-spring-dbauth-support/1.0.1/ostk-spring-dbauth-support-1.0.1.jar:/Users/tbuchanan/.m2/repository/io/jsonwebtoken/jjwt/0.7.0/jjwt-0.7.0.jar:/Users/tbuchanan/.m2/repository/com/overstock/customeraccount/CustomerAccountService-client/2.91.3/CustomerAccountService-client-2.91.3.jar:/Users/tbuchanan/.m2/repository/com/overstock/customeraccount/CustomerAccountService-common/2.91.3/CustomerAccountService-common-2.91.3.jar:/Users/tbuchanan/.m2/repository/com/overstock/customeraccount/CustomerAccountAPI-bind/2.91.3/CustomerAccountAPI-bind-2.91.3.jar:/Users/tbuchanan/.m2/repository/com/overstock/api/auth-context-common/1.6/auth-context-common-1.6.jar:/Users/tbuchanan/.m2/repository/com/overstock/arch/TomcatFramework/3.0.1/TomcatFramework-3.0.1.jar:/Users/tbuchanan/.m2/repository/com/overstock/arch/jmshelper/1.14.4/jmshelper-1.14.4.jar:/Users/tbuchanan/.m2/repository/javax/resource/javax.resource-api/1.7/javax.resource-api-1.7.jar:/Users/tbuchanan/.m2/repository/org/springframework/spring-jms/4.2.7.RELEASE/spring-jms-4.2.7.RELEASE.jar:/Users/tbuchanan/.m2/repository/org/springframework/spring-messaging/4.2.7.RELEASE/spring-messaging-4.2.7.RELEASE.jar:/Users/tbuchanan/.m2/repository/com/overstock/invoicepaymentmanager/InvoicePaymentManager-intl-client/2.70/InvoicePaymentManager-intl-client-2.70.jar:/Users/tbuchanan/.m2/repository/com/overstock/invoicepaymentmanager/InvoicePaymentManager-bind/2.70/InvoicePaymentManager-bind-2.70.jar:/Users/tbuchanan/.m2/repository/com/overstock/invoicepaymentmanager/InvoicePaymentManager-common/2.70/InvoicePaymentManager-common-2.70.jar:/Users/tbuchanan/.m2/repository/org/pojomatic/pojomatic-test-utils/1.0/pojomatic-test-utils-1.0.jar:/Users/tbuchanan/.m2/repository/com/overstock/OrderModel/3.49/OrderModel-3.49.jar:/Users/tbuchanan/.m2/repository/org/springframework/spring-web/4.1.5.RELEASE/spring-web-4.1.5.RELEASE.jar:/Users/tbuchanan/.m2/repository/com/fasterxml/jackson/core/jackson-annotations/2.6.2/jackson-annotations-2.6.2.jar:/Users/tbuchanan/.m2/repository/com/fasterxml/jackson/core/jackson-databind/2.6.2/jackson-databind-2.6.2.jar:/Users/tbuchanan/.m2/repository/com/fasterxml/jackson/module/jackson-module-jaxb-annotations/2.6.2/jackson-module-jaxb-annotations-2.6.2.jar:/Users/tbuchanan/.m2/repository/com/fasterxml/jackson/dataformat/jackson-dataformat-xml/2.6.3/jackson-dataformat-xml-2.6.3.jar:/Users/tbuchanan/.m2/repository/org/codehaus/woodstox/stax2-api/3.1.4/stax2-api-3.1.4.jar:/Users/tbuchanan/.m2/repository/com/overstock/clubo/ClubOTransientRewardsModel-model/1.12.2/ClubOTransientRewardsModel-model-1.12.2.jar:/Users/tbuchanan/.m2/repository/net/sf/dozer/dozer/5.5.1/dozer-5.5.1.jar:/Users/tbuchanan/.m2/repository/net/sf/dozer/dozer-spring/5.5.1/dozer-spring-5.5.1.jar:/Users/tbuchanan/.m2/repository/com/overstock/clubo/ClubOModel/3.17/ClubOModel-3.17.jar:/Users/tbuchanan/.m2/repository/org/hibernate/hibernate-validator-legacy/4.0.2.GA/hibernate-validator-legacy-4.0.2.GA.jar:/Users/tbuchanan/.m2/repository/com/diffplug/durian/durian/3.4.0/durian-3.4.0.jar:/Users/tbuchanan/.m2/repository/org/apache/poi/poi-ooxml/3.17/poi-ooxml-3.17.jar:/Users/tbuchanan/.m2/repository/org/apache/poi/poi/3.17/poi-3.17.jar:/Users/tbuchanan/.m2/repository/org/apache/commons/commons-collections4/4.1/commons-collections4-4.1.jar:/Users/tbuchanan/.m2/repository/org/apache/poi/poi-ooxml-schemas/3.17/poi-ooxml-schemas-3.17.jar:/Users/tbuchanan/.m2/repository/org/apache/xmlbeans/xmlbeans/2.6.0/xmlbeans-2.6.0.jar:/Users/tbuchanan/.m2/repository/com/github/virtuald/curvesapi/1.04/curvesapi-1.04.jar:/Users/tbuchanan/.m2/repository/com/overstock/test/testlink-integration-common/2.0.4/testlink-integration-common-2.0.4.jar:/Users/tbuchanan/.m2/repository/com/jamesmurty/utils/java-xmlbuilder/1.1/java-xmlbuilder-1.1.jar:/Users/tbuchanan/.m2/repository/net/iharder/base64/2.3.8/base64-2.3.8.jar:/Users/tbuchanan/.m2/repository/com/overstock/aps/ostk-testng-testlink-integration/2.1/ostk-testng-testlink-integration-2.1.jar:/Users/tbuchanan/.m2/repository/com/overstock/test/testlink-integration-xmlrpc/2.0.4/testlink-integration-xmlrpc-2.0.4.jar:/Users/tbuchanan/.m2/repository/com/overstock/test/DatabaseTestUtils/1.1.1-SNAPSHOT/DatabaseTestUtils-1.1.1-SNAPSHOT.jar:/Users/tbuchanan/.m2/repository/com/overstock/test/BaseTestUtils/1.1.1-SNAPSHOT/BaseTestUtils-1.1.1-SNAPSHOT.jar:/Users/tbuchanan/.m2/repository/com/overstock/webdriver-test-frmwk/1.11/webdriver-test-frmwk-1.11.jar:/Users/tbuchanan/.m2/repository/xerces/xercesImpl/2.12.0/xercesImpl-2.12.0.jar:/Users/tbuchanan/.m2/repository/com/overstock/automation/automation-common/4.5.0/automation-common-4.5.0.jar:/Users/tbuchanan/.m2/repository/com/overstock/suppliertaxnexus/suppliertaxnexus-client/1.5/suppliertaxnexus-client-1.5.jar:/Users/tbuchanan/.m2/repository/com/overstock/arch/jaxrs-shadow/3.3/jaxrs-shadow-3.3.jar:/Users/tbuchanan/.m2/repository/org/glassfish/jersey/ext/jersey-proxy-client/2.20/jersey-proxy-client-2.20.jar:/Users/tbuchanan/.m2/repository/com/overstock/suppliertaxnexus/suppliertaxnexus-common/1.5/suppliertaxnexus-common-1.5.jar:/Users/tbuchanan/.m2/repository/com/overstock/sitesale/productoption/OptionSaleCache/1.6/OptionSaleCache-1.6.jar:/Users/tbuchanan/.m2/repository/org/springframework/data/spring-data-redis/1.8.1.RELEASE/spring-data-redis-1.8.1.RELEASE.jar:/Users/tbuchanan/.m2/repository/org/springframework/data/spring-data-keyvalue/1.2.1.RELEASE/spring-data-keyvalue-1.2.1.RELEASE.jar:/Users/tbuchanan/.m2/repository/org/springframework/spring-oxm/4.3.7.RELEASE/spring-oxm-4.3.7.RELEASE.jar:/Users/tbuchanan/.m2/repository/redis/clients/jedis/2.9.0/jedis-2.9.0.jar:/Users/tbuchanan/.m2/repository/org/apache/commons/commons-pool2/2.4.2/commons-pool2-2.4.2.jar:/Users/tbuchanan/.m2/repository/com/overstock/xps/XPS-paypal-client/1.7.2/XPS-paypal-client-1.7.2.jar:/Users/tbuchanan/.m2/repository/com/overstock/xps/XPS-paypal-bind/1.7.2/XPS-paypal-bind-1.7.2.jar:/Users/tbuchanan/.m2/repository/com/overstock/arch/mockcoinbase-client/2.03/mockcoinbase-client-2.03.jar:/Users/tbuchanan/.m2/repository/com/overstock/arch/mockcoinbase-model/2.03/mockcoinbase-model-2.03.jar:/Users/tbuchanan/.m2/repository/com/overstock/xps/XPS-applepay-token/1.10.1/XPS-applepay-token-1.10.1.jar:/Users/tbuchanan/.m2/repository/org/bouncycastle/bcmail-jdk15on/1.53/bcmail-jdk15on-1.53.jar:/Users/tbuchanan/.m2/repository/com/overstock/xps/XPS-crypto-bind/1.2/XPS-crypto-bind-1.2.jar:/Users/tbuchanan/.m2/repository/com/overstock/xps/XPS-applepay-token/1.10.1/XPS-applepay-token-1.10.1-tests.jar:/Users/tbuchanan/.m2/repository/com/overstock/arch/Configuration-client/3.1.11/Configuration-client-3.1.11.jar:/Users/tbuchanan/.m2/repository/com/overstock/arch/Configuration-common/3.1.11/Configuration-common-3.1.11.jar:/Users/tbuchanan/.m2/repository/com/overstock/fx/ForeignExchangeService-jaxrs-client/1.7/ForeignExchangeService-jaxrs-client-1.7.jar:/Users/tbuchanan/.m2/repository/com/overstock/fx/ForeignExchangeService-common/1.7/ForeignExchangeService-common-1.7.jar:/Users/tbuchanan/.m2/repository/com/github/tomakehurst/wiremock/2.17.0/wiremock-2.17.0.jar:/Users/tbuchanan/.m2/repository/org/eclipse/jetty/jetty-server/9.2.24.v20180105/jetty-server-9.2.24.v20180105.jar:/Users/tbuchanan/.m2/repository/org/eclipse/jetty/jetty-servlet/9.2.24.v20180105/jetty-servlet-9.2.24.v20180105.jar:/Users/tbuchanan/.m2/repository/org/eclipse/jetty/jetty-security/9.2.24.v20180105/jetty-security-9.2.24.v20180105.jar:/Users/tbuchanan/.m2/repository/org/eclipse/jetty/jetty-servlets/9.2.24.v20180105/jetty-servlets-9.2.24.v20180105.jar:/Users/tbuchanan/.m2/repository/org/eclipse/jetty/jetty-continuation/9.2.24.v20180105/jetty-continuation-9.2.24.v20180105.jar:/Users/tbuchanan/.m2/repository/org/eclipse/jetty/jetty-webapp/9.2.24.v20180105/jetty-webapp-9.2.24.v20180105.jar:/Users/tbuchanan/.m2/repository/org/eclipse/jetty/jetty-xml/9.2.24.v20180105/jetty-xml-9.2.24.v20180105.jar:/Users/tbuchanan/.m2/repository/org/xmlunit/xmlunit-core/2.5.1/xmlunit-core-2.5.1.jar:/Users/tbuchanan/.m2/repository/org/xmlunit/xmlunit-legacy/2.5.1/xmlunit-legacy-2.5.1.jar:/Users/tbuchanan/.m2/repository/com/jayway/jsonpath/json-path/2.4.0/json-path-2.4.0.jar:/Users/tbuchanan/.m2/repository/net/minidev/json-smart/2.3/json-smart-2.3.jar:/Users/tbuchanan/.m2/repository/net/minidev/accessors-smart/1.2/accessors-smart-1.2.jar:/Users/tbuchanan/.m2/repository/com/flipkart/zjsonpatch/zjsonpatch/0.4.4/zjsonpatch-0.4.4.jar:/Users/tbuchanan/.m2/repository/com/github/jknack/handlebars/4.0.6/handlebars-4.0.6.jar:/Users/tbuchanan/.m2/repository/org/antlr/antlr4-runtime/4.5.1-1/antlr4-runtime-4.5.1-1.jar:/Users/tbuchanan/.m2/repository/com/github/jknack/handlebars-helpers/4.0.6/handlebars-helpers-4.0.6.jar:/Users/tbuchanan/.m2/repository/com/overstock/arch/jerseyClientFramework/1.1.1/jerseyClientFramework-1.1.1.jar:/Users/tbuchanan/.m2/repository/com/sun/jersey/contribs/jersey-apache-client/1.12/jersey-apache-client-1.12.jar:/Users/tbuchanan/.m2/repository/commons-httpclient/commons-httpclient/3.1/commons-httpclient-3.1.jar:/Users/tbuchanan/.m2/repository/com/overstock/eyeballs/epips-common/1.83/epips-common-1.83.jar:/Users/tbuchanan/.m2/repository/com/overstock/mp/CommonModel/1.0/CommonModel-1.0.jar:/Users/tbuchanan/.m2/repository/com/overstock/automation/automation-model/4.5.0/automation-model-4.5.0.jar:/Users/tbuchanan/.m2/repository/log4j/log4j/1.2.17/log4j-1.2.17.jar:/Users/tbuchanan/.m2/repository/weblogic/wlfullclient/11.1-ostk6/wlfullclient-11.1-ostk6.jar:/Users/tbuchanan/.m2/repository/com/bea/commonj/com.springsource.commonj/1.1.0/com.springsource.commonj-1.1.0.jar:/Users/tbuchanan/.m2/repository/com/sun/jersey/jersey-client/1.17.1/jersey-client-1.17.1.jar:/Users/tbuchanan/.m2/repository/com/overstock/arch/rest-framework/1.24/rest-framework-1.24.jar:/Users/tbuchanan/.m2/repository/com/noelios/restlet/com.noelios.restlet/1.1.8/com.noelios.restlet-1.1.8.jar:/Users/tbuchanan/.m2/repository/com/noelios/restlet/com.noelios.restlet.ext.httpclient/1.1.8/com.noelios.restlet.ext.httpclient-1.1.8.jar:/Users/tbuchanan/.m2/repository/com/noelios/restlet/com.noelios.restlet.ext.servlet/1.1.8/com.noelios.restlet.ext.servlet-1.1.8.jar:/Users/tbuchanan/.m2/repository/com/noelios/restlet/com.noelios.restlet.ext.simple/1.1.8/com.noelios.restlet.ext.simple-1.1.8.jar:/Users/tbuchanan/.m2/repository/com/noelios/restlet/com.noelios.restlet.ext.net/1.1.8/com.noelios.restlet.ext.net-1.1.8.jar:/Users/tbuchanan/.m2/repository/org/restlet/org.restlet/1.1.8/org.restlet-1.1.8.jar:/Users/tbuchanan/.m2/repository/org/restlet/org.restlet.ext.jaxb/1.1.8/org.restlet.ext.jaxb-1.1.8.jar:/Users/tbuchanan/.m2/repository/org/simpleframework/org.simpleframework/3.1.3/org.simpleframework-3.1.3.jar:/Users/tbuchanan/.m2/repository/javax/activation/activation/1.1/activation-1.1.jar:/Users/tbuchanan/.m2/repository/org/json/org.json/2.0/org.json-2.0.jar:/Users/tbuchanan/.m2/repository/com/overstock/clubo/ClubOService-common/1.86.1/ClubOService-common-1.86.1.jar:/Users/tbuchanan/.m2/repository/javax/xml/bind/jaxb-api/2.3.0/jaxb-api-2.3.0.jar:/Users/tbuchanan/.m2/repository/com/overstock/finance/ipsws-common/2.68/ipsws-common-2.68.jar:/Users/tbuchanan/.m2/repository/org/codehaus/jackson/jackson-mapper-asl/1.9.13/jackson-mapper-asl-1.9.13.jar:/Users/tbuchanan/.m2/repository/org/glassfish/jersey/bundles/repackaged/jersey-guava/2.22.1/jersey-guava-2.22.1.jar:/Users/tbuchanan/.m2/repository/org/apache/ant/ant/1.10.4/ant-1.10.4.jar:/Users/tbuchanan/.m2/repository/org/glassfish/jersey/core/jersey-common/2.22.2/jersey-common-2.22.2.jar:/Users/tbuchanan/.m2/repository/org/glassfish/hk2/hk2-api/2.4.0-b34/hk2-api-2.4.0-b34.jar:/Users/tbuchanan/.m2/repository/org/glassfish/hk2/hk2-utils/2.4.0-b34/hk2-utils-2.4.0-b34.jar:/Users/tbuchanan/.m2/repository/org/glassfish/hk2/hk2-locator/2.4.0-b34/hk2-locator-2.4.0-b34.jar:/Users/tbuchanan/.m2/repository/org/glassfish/hk2/osgi-resource-locator/1.0.1/osgi-resource-locator-1.0.1.jar:/Users/tbuchanan/.m2/repository/org/postgresql/postgresql/42.2.5/postgresql-42.2.5.jar:/Users/tbuchanan/.m2/repository/org/glassfish/javax.json/1.0/javax.json-1.0.jar:/Users/tbuchanan/.m2/repository/io/rest-assured/rest-assured/3.0.2/rest-assured-3.0.2.jar:/Users/tbuchanan/.m2/repository/org/codehaus/groovy/groovy-xml/2.4.6/groovy-xml-2.4.6.jar:/Users/tbuchanan/.m2/repository/org/ccil/cowan/tagsoup/tagsoup/1.2.1/tagsoup-1.2.1.jar:/Users/tbuchanan/.m2/repository/io/rest-assured/json-path/3.0.2/json-path-3.0.2.jar:/Users/tbuchanan/.m2/repository/org/codehaus/groovy/groovy-json/2.4.6/groovy-json-2.4.6.jar:/Users/tbuchanan/.m2/repository/io/rest-assured/rest-assured-common/3.0.2/rest-assured-common-3.0.2.jar:/Users/tbuchanan/.m2/repository/io/rest-assured/xml-path/3.0.2/xml-path-3.0.2.jar:/Users/tbuchanan/.m2/repository/org/seleniumhq/selenium/selenium-support/3.14.0/selenium-support-3.14.0.jar:/Users/tbuchanan/.m2/repository/org/apache/commons/commons-exec/1.3/commons-exec-1.3.jar:/Users/tbuchanan/.m2/repository/com/squareup/okhttp3/okhttp/3.10.0/okhttp-3.10.0.jar:/Users/tbuchanan/.m2/repository/com/squareup/okio/okio/1.14.1/okio-1.14.1.jar:/Users/tbuchanan/.m2/repository/org/seleniumhq/selenium/selenium-chrome-driver/3.14.0/selenium-chrome-driver-3.14.0.jar:/Users/tbuchanan/.m2/repository/org/seleniumhq/selenium/selenium-remote-driver/3.14.0/selenium-remote-driver-3.14.0.jar:/Users/tbuchanan/.m2/repository/junit/junit/4.12/junit-4.12.jar:/Users/tbuchanan/.m2/repository/org/apache/maven/surefire/surefire-testng-utils/2.20.1/surefire-testng-utils-2.20.1.jar:/Users/tbuchanan/.m2/repository/org/apache/maven/surefire/surefire-grouper/2.20.1/surefire-grouper-2.20.1.jar:"/>
    <property name="sun.cpu.endian" value="little"/>
    <property name="user.home" value="/Users/tbuchanan"/>
    <property name="user.language" value="en"/>
    <property name="java.specification.vendor" value="Oracle Corporation"/>
    <property name="java.home" value="/Library/Java/JavaVirtualMachines/jdk1.8.0_221.jdk/Contents/Home/jre"/>
    <property name="basedir" value="/Users/tbuchanan/IdeaProjects/earlyaccess-automation-testing"/>
    <property name="file.separator" value="/"/>
    <property name="line.separator" value="&#10;"/>
    <property name="java.vm.specification.vendor" value="Oracle Corporation"/>
    <property name="java.specification.name" value="Java Platform API Specification"/>
    <property name="java.awt.graphicsenv" value="sun.awt.CGraphicsEnvironment"/>
    <property name="surefire.real.class.path" value="/Users/tbuchanan/IdeaProjects/earlyaccess-automation-testing/target/surefire/surefirebooter3895957222986345456.jar"/>
    <property name="sun.boot.class.path" value="/Library/Java/JavaVirtualMachines/jdk1.8.0_221.jdk/Contents/Home/jre/lib/resources.jar:/Library/Java/JavaVirtualMachines/jdk1.8.0_221.jdk/Contents/Home/jre/lib/rt.jar:/Library/Java/JavaVirtualMachines/jdk1.8.0_221.jdk/Contents/Home/jre/lib/sunrsasign.jar:/Library/Java/JavaVirtualMachines/jdk1.8.0_221.jdk/Contents/Home/jre/lib/jsse.jar:/Library/Java/JavaVirtualMachines/jdk1.8.0_221.jdk/Contents/Home/jre/lib/jce.jar:/Library/Java/JavaVirtualMachines/jdk1.8.0_221.jdk/Contents/Home/jre/lib/charsets.jar:/Library/Java/JavaVirtualMachines/jdk1.8.0_221.jdk/Contents/Home/jre/lib/jfr.jar:/Library/Java/JavaVirtualMachines/jdk1.8.0_221.jdk/Contents/Home/jre/classes"/>
    <property name="sun.management.compiler" value="HotSpot 64-Bit Tiered Compilers"/>
    <property name="ftp.nonProxyHosts" value="local|*.local|169.254/16|*.169.254/16"/>
    <property name="java.runtime.version" value="1.8.0_221-b11"/>
    <property name="user.name" value="tbuchanan"/>
    <property name="path.separator" value=":"/>
    <property name="os.version" value="10.14.6"/>
    <property name="java.endorsed.dirs" value="/Library/Java/JavaVirtualMachines/jdk1.8.0_221.jdk/Contents/Home/jre/lib/endorsed"/>
    <property name="java.runtime.name" value="Java(TM) SE Runtime Environment"/>
    <property name="file.encoding" value="UTF-8"/>
    <property name="java.vm.name" value="Java HotSpot(TM) 64-Bit Server VM"/>
    <property name="localRepository" value="/Users/tbuchanan/.m2/repository"/>
    <property name="java.vendor.url.bug" value="http://bugreport.sun.com/bugreport/"/>
    <property name="java.io.tmpdir" value="/var/folders/_g/j6jw1prj0413v459hxzm19vr0000gp/T/"/>
    <property name="java.version" value="1.8.0_221"/>
    <property name="user.dir" value="/Users/tbuchanan/IdeaProjects/earlyaccess-automation-testing"/>
    <property name="os.arch" value="x86_64"/>
    <property name="java.vm.specification.name" value="Java Virtual Machine Specification"/>
    <property name="java.awt.printerjob" value="sun.lwawt.macosx.CPrinterJob"/>
    <property name="sun.os.patch.level" value="unknown"/>
    <property name="java.library.path" value="/Users/tbuchanan/Library/Java/Extensions:/Library/Java/Extensions:/Network/Library/Java/Extensions:/System/Library/Java/Extensions:/usr/lib/java:."/>
    <property name="java.vm.info" value="mixed mode"/>
    <property name="java.vendor" value="Oracle Corporation"/>
    <property name="java.vm.version" value="25.221-b11"/>
    <property name="java.ext.dirs" value="/Users/tbuchanan/Library/Java/Extensions:/Library/Java/JavaVirtualMachines/jdk1.8.0_221.jdk/Contents/Home/jre/lib/ext:/Library/Java/Extensions:/Network/Library/Java/Extensions:/System/Library/Java/Extensions:/usr/lib/java"/>
    <property name="sun.io.unicode.encoding" value="UnicodeBig"/>
    <property name="java.class.version" value="52.0"/>
    <property name="socksNonProxyHosts" value="local|*.local|169.254/16|*.169.254/16"/>
  </properties>
  <testcase name="verifyEarlyAccessHealthWithAPI on verifyEarlyAccessHealthWithAPI(smoke.EarlyAccessSmokeAPITest)" classname="smoke.EarlyAccessSmokeAPITest" time="3.527"/>
  <testcase name="findSiteWideLightboxOnHomePage on findSiteWideLightboxOnHomePage(ui.EarlyAccessUITest)" classname="ui.EarlyAccessUITest" time="4.276"/>
  <testcase name="verifyEarlyAccessDB on verifyEarlyAccessDB(db.EarlyAccessDbTest)" classname="db.EarlyAccessDbTest" time="1.201"/>
  <testcase name="verifyEarlyAccessStatusNotInt on verifyEarlyAccessStatusNotInt(api.EarlyAccessAPITest)" classname="api.EarlyAccessAPITest" time="0.113"/>
  <testcase name="verifyEarlyAccessStatusNull on verifyEarlyAccessStatusNull(api.EarlyAccessAPITest)" classname="api.EarlyAccessAPITest" time="0.157"/>
  <testcase name="verifyEarlyAccessUpdateProductStatusInvalidProducId on verifyEarlyAccessUpdateProductStatusInvalidProducId(api.EarlyAccessAPITest)" classname="api.EarlyAccessAPITest" time="0.101"/>
  <testcase name="verifyProductIdsUploadUpdateAPI on verifyProductIdsUploadUpdateAPI(api.EarlyAccessAPITest)" classname="api.EarlyAccessAPITest" time="0.225"/>
  <testcase name="verifyEarlyAccessUpdateProductStatusOrExpiry on verifyEarlyAccessUpdateProductStatusOrExpiry(api.EarlyAccessAPITest)" classname="api.EarlyAccessAPITest" time="0.05"/>
  <testcase name="verifyEarlyAccessUpdateProductStatusEndDateNull on verifyEarlyAccessUpdateProductStatusEndDateNull(api.EarlyAccessAPITest)" classname="api.EarlyAccessAPITest" time="0.042"/>
  <testcase name="verifyEarlyAccessUpdateProductStatusNullProducId on verifyEarlyAccessUpdateProductStatusNullProducId(api.EarlyAccessAPITest)" classname="api.EarlyAccessAPITest" time="0.035"/>
  <testcase name="verifyRetrieveBatchEarlyAccessStatus on verifyRetrieveBatchEarlyAccessStatus(api.EarlyAccessAPITest)" classname="api.EarlyAccessAPITest" time="0.058"/>
  <testcase name="verifyEarlyAccessUpdateProductStatusStartDateNull on verifyEarlyAccessUpdateProductStatusStartDateNull(api.EarlyAccessAPITest)" classname="api.EarlyAccessAPITest" time="0.041"/>
  <testcase name="verifyProductIdsUploadAPI on verifyProductIdsUploadAPI(api.EarlyAccessAPITest)" classname="api.EarlyAccessAPITest" time="0.289"/>
  <testcase name="verifyEarlyAccessStatus2 on verifyEarlyAccessStatus2(api.EarlyAccessAPITest)" classname="api.EarlyAccessAPITest" time="1.127"/>
  <testcase name="verifyEarlyAccessUpdateProductStatusIsActiveNull on verifyEarlyAccessUpdateProductStatusIsActiveNull(api.EarlyAccessAPITest)" classname="api.EarlyAccessAPITest" time="0.031"/>
  <testcase name="verifyProductIdsbatchStatus on verifyProductIdsbatchStatus(api.EarlyAccessAPITest)" classname="api.EarlyAccessAPITest" time="0.038"/>
  <testcase name="verifyEarlyAccessStatus on verifyEarlyAccessStatus(api.EarlyAccessAPITest)" classname="api.EarlyAccessAPITest" time="0.093"/>
</testsuite>