<?xml version="1.0" encoding="UTF-8"?>
<!-- Generated by org.testng.reporters.JUnitReportReporter -->
<testsuite skipped="0" hostname="tbuchanans-mbp.overstock.com" name="db.EarlyAccessDbTest" tests="1" failures="0" timestamp="24 Sep 2019 21:31:58 GMT" time="1.206" errors="0">
  <testcase name="verifyEarlyAccessDB" time="1.206" classname="db.EarlyAccessDbTest"/>
</testsuite> <!-- db.EarlyAccessDbTest -->
