<?xml version="1.0" encoding="UTF-8"?>
<!-- Generated by org.testng.reporters.JUnitReportReporter -->
<testsuite skipped="0" hostname="tbuchanans-mbp.overstock.com" name="api.EarlyAccessAPITest" tests="14" failures="0" timestamp="24 Sep 2019 21:31:58 GMT" time="16.427" errors="0">
  <testcase name="verifyEarlyAccessUpdateProductStatusNullProducId" time="0.800" classname="api.EarlyAccessAPITest"/>
  <testcase name="verifyEarlyAccessStatus2" time="2.347" classname="api.EarlyAccessAPITest"/>
  <testcase name="verifyEarlyAccessUpdateProductStatusEndDateNull" time="0.752" classname="api.EarlyAccessAPITest"/>
  <testcase name="verifyEarlyAccessUpdateProductStatusStartDateNull" time="0.916" classname="api.EarlyAccessAPITest"/>
  <testcase name="verifyEarlyAccessUpdateProductStatusIsActiveNull" time="2.385" classname="api.EarlyAccessAPITest"/>
  <testcase name="verifyProductIdsUploadAPI" time="1.214" classname="api.EarlyAccessAPITest"/>
  <testcase name="verifyProductIdsbatchStatus" time="2.430" classname="api.EarlyAccessAPITest"/>
  <testcase name="verifyEarlyAccessStatusNotInt" time="0.135" classname="api.EarlyAccessAPITest"/>
  <testcase name="verifyEarlyAccessUpdateProductStatusInvalidProducId" time="0.410" classname="api.EarlyAccessAPITest"/>
  <testcase name="verifyEarlyAccessStatusNull" time="0.301" classname="api.EarlyAccessAPITest"/>
  <testcase name="verifyProductIdsUploadUpdateAPI" time="0.639" classname="api.EarlyAccessAPITest"/>
  <testcase name="verifyEarlyAccessUpdateProductStatusOrExpiry" time="0.701" classname="api.EarlyAccessAPITest"/>
  <testcase name="verifyRetrieveBatchEarlyAccessStatus" time="0.868" classname="api.EarlyAccessAPITest"/>
  <testcase name="verifyEarlyAccessStatus" time="2.529" classname="api.EarlyAccessAPITest"/>
</testsuite> <!-- api.EarlyAccessAPITest -->
